<?xml version="1.0" encoding="UTF-8"?>
<coverage generated="1745932830020" clover="3.2.0">
  <project timestamp="1745932830020" name="All files">
    <metrics statements="266" coveredstatements="220" conditionals="126" coveredconditionals="85" methods="71" coveredmethods="56" elements="463" coveredelements="361" complexity="0" loc="266" ncloc="266" packages="4" files="16" classes="16"/>
    <package name="src">
      <metrics statements="23" coveredstatements="0" conditionals="4" coveredconditionals="0" methods="4" coveredmethods="0"/>
      <file name="App.jsx" path="D:\UNSW\COMP9900\Project\capstone-project-2025-t1-25t1-9900-h18a-avocado\frontend\src\App.jsx">
        <metrics statements="12" coveredstatements="0" conditionals="0" coveredconditionals="0" methods="2" coveredmethods="0"/>
        <line num="13" count="0" type="stmt"/>
        <line num="14" count="0" type="stmt"/>
        <line num="15" count="0" type="stmt"/>
        <line num="17" count="0" type="stmt"/>
        <line num="18" count="0" type="stmt"/>
        <line num="19" count="0" type="stmt"/>
        <line num="20" count="0" type="stmt"/>
        <line num="21" count="0" type="stmt"/>
        <line num="22" count="0" type="stmt"/>
        <line num="24" count="0" type="stmt"/>
        <line num="26" count="0" type="stmt"/>
        <line num="30" count="0" type="stmt"/>
      </file>
      <file name="babel.config.js" path="D:\UNSW\COMP9900\Project\capstone-project-2025-t1-25t1-9900-h18a-avocado\frontend\src\babel.config.js">
        <metrics statements="1" coveredstatements="0" conditionals="0" coveredconditionals="0" methods="0" coveredmethods="0"/>
        <line num="1" count="0" type="stmt"/>
      </file>
      <file name="index.jsx" path="D:\UNSW\COMP9900\Project\capstone-project-2025-t1-25t1-9900-h18a-avocado\frontend\src\index.jsx">
        <metrics statements="2" coveredstatements="0" conditionals="0" coveredconditionals="0" methods="0" coveredmethods="0"/>
        <line num="6" count="0" type="stmt"/>
        <line num="7" count="0" type="stmt"/>
      </file>
      <file name="reportWebVitals.js" path="D:\UNSW\COMP9900\Project\capstone-project-2025-t1-25t1-9900-h18a-avocado\frontend\src\reportWebVitals.js">
        <metrics statements="8" coveredstatements="0" conditionals="4" coveredconditionals="0" methods="2" coveredmethods="0"/>
        <line num="1" count="0" type="stmt"/>
        <line num="2" count="0" type="cond" truecount="0" falsecount="4"/>
        <line num="3" count="0" type="stmt"/>
        <line num="4" count="0" type="stmt"/>
        <line num="5" count="0" type="stmt"/>
        <line num="6" count="0" type="stmt"/>
        <line num="7" count="0" type="stmt"/>
        <line num="8" count="0" type="stmt"/>
      </file>
    </package>
    <package name="src.api">
      <metrics statements="64" coveredstatements="50" conditionals="18" coveredconditionals="12" methods="13" coveredmethods="8"/>
      <file name="dataProcess.js" path="D:\UNSW\COMP9900\Project\capstone-project-2025-t1-25t1-9900-h18a-avocado\frontend\src\api\dataProcess.js">
        <metrics statements="14" coveredstatements="13" conditionals="6" coveredconditionals="3" methods="3" coveredmethods="3"/>
        <line num="15" count="1" type="stmt"/>
        <line num="16" count="3" type="cond" truecount="1" falsecount="1"/>
        <line num="17" count="6" type="stmt"/>
        <line num="20" count="3" type="stmt"/>
        <line num="27" count="3" type="stmt"/>
        <line num="28" count="3" type="cond" truecount="1" falsecount="1"/>
        <line num="29" count="0" type="stmt"/>
        <line num="32" count="3" type="stmt"/>
        <line num="38" count="3" type="stmt"/>
        <line num="44" count="3" type="stmt"/>
        <line num="49" count="3" type="stmt"/>
        <line num="50" count="6" type="stmt"/>
        <line num="51" count="6" type="stmt"/>
        <line num="54" count="2" type="stmt"/>
      </file>
      <file name="dataStats.js" path="D:\UNSW\COMP9900\Project\capstone-project-2025-t1-25t1-9900-h18a-avocado\frontend\src\api\dataStats.js">
        <metrics statements="30" coveredstatements="30" conditionals="12" coveredconditionals="9" methods="5" coveredmethods="5"/>
        <line num="13" count="1" type="stmt"/>
        <line num="18" count="1" type="stmt"/>
        <line num="23" count="1" type="stmt"/>
        <line num="24" count="2" type="cond" truecount="2" falsecount="0"/>
        <line num="27" count="1" type="stmt"/>
        <line num="28" count="2" type="stmt"/>
        <line num="29" count="46" type="stmt"/>
        <line num="30" count="2" type="cond" truecount="1" falsecount="1"/>
        <line num="34" count="1" type="stmt"/>
        <line num="35" count="2" type="cond" truecount="1" falsecount="1"/>
        <line num="36" count="4" type="stmt"/>
        <line num="39" count="2" type="stmt"/>
        <line num="45" count="2" type="stmt"/>
        <line num="48" count="2" type="stmt"/>
        <line num="49" count="2" type="stmt"/>
        <line num="52" count="2" type="cond" truecount="2" falsecount="0"/>
        <line num="54" count="2" type="stmt"/>
        <line num="56" count="4" type="stmt"/>
        <line num="57" count="4" type="stmt"/>
        <line num="60" count="4" type="stmt"/>
        <line num="61" count="20" type="stmt"/>
        <line num="70" count="20" type="stmt"/>
        <line num="80" count="20" type="cond" truecount="2" falsecount="0"/>
        <line num="84" count="20" type="stmt"/>
        <line num="90" count="20" type="stmt"/>
        <line num="91" count="20" type="stmt"/>
        <line num="94" count="4" type="stmt"/>
        <line num="95" count="4" type="stmt"/>
        <line num="98" count="2" type="stmt"/>
        <line num="101" count="2" type="stmt"/>
      </file>
      <file name="mapApi.js" path="D:\UNSW\COMP9900\Project\capstone-project-2025-t1-25t1-9900-h18a-avocado\frontend\src\api\mapApi.js">
        <metrics statements="9" coveredstatements="3" conditionals="0" coveredconditionals="0" methods="2" coveredmethods="0"/>
        <line num="1" count="1" type="stmt"/>
        <line num="9" count="1" type="stmt"/>
        <line num="10" count="0" type="stmt"/>
        <line num="11" count="0" type="stmt"/>
        <line num="17" count="0" type="stmt"/>
        <line num="19" count="0" type="stmt"/>
        <line num="20" count="0" type="stmt"/>
        <line num="29" count="1" type="stmt"/>
        <line num="30" count="0" type="stmt"/>
      </file>
      <file name="regionApi.js" path="D:\UNSW\COMP9900\Project\capstone-project-2025-t1-25t1-9900-h18a-avocado\frontend\src\api\regionApi.js">
        <metrics statements="11" coveredstatements="4" conditionals="0" coveredconditionals="0" methods="3" coveredmethods="0"/>
        <line num="1" count="1" type="stmt"/>
        <line num="7" count="1" type="stmt"/>
        <line num="8" count="0" type="stmt"/>
        <line num="9" count="0" type="stmt"/>
        <line num="14" count="0" type="stmt"/>
        <line num="16" count="0" type="stmt"/>
        <line num="17" count="0" type="stmt"/>
        <line num="21" count="1" type="stmt"/>
        <line num="22" count="0" type="stmt"/>
        <line num="25" count="1" type="stmt"/>
        <line num="26" count="0" type="stmt"/>
      </file>
    </package>
    <package name="src.components">
      <metrics statements="177" coveredstatements="168" conditionals="104" coveredconditionals="73" methods="54" coveredmethods="48"/>
      <file name="DropDown.jsx" path="D:\UNSW\COMP9900\Project\capstone-project-2025-t1-25t1-9900-h18a-avocado\frontend\src\components\DropDown.jsx">
        <metrics statements="19" coveredstatements="19" conditionals="10" coveredconditionals="9" methods="6" coveredmethods="6"/>
        <line num="15" count="2" type="stmt"/>
        <line num="30" count="2" type="stmt"/>
        <line num="31" count="24" type="cond" truecount="2" falsecount="0"/>
        <line num="32" count="3" type="stmt"/>
        <line num="34" count="21" type="stmt"/>
        <line num="37" count="2" type="stmt"/>
        <line num="38" count="86" type="stmt"/>
        <line num="39" count="86" type="stmt"/>
        <line num="41" count="86" type="stmt"/>
        <line num="42" count="30" type="cond" truecount="2" falsecount="0"/>
        <line num="43" count="7" type="stmt"/>
        <line num="47" count="86" type="stmt"/>
        <line num="48" count="4" type="stmt"/>
        <line num="51" count="86" type="stmt"/>
        <line num="52" count="1" type="stmt"/>
        <line num="53" count="1" type="stmt"/>
        <line num="57" count="86" type="cond" truecount="2" falsecount="0"/>
        <line num="61" count="86" type="stmt"/>
        <line num="76" count="272" type="stmt"/>
      </file>
      <file name="Legend.jsx" path="D:\UNSW\COMP9900\Project\capstone-project-2025-t1-25t1-9900-h18a-avocado\frontend\src\components\Legend.jsx">
        <metrics statements="2" coveredstatements="2" conditionals="0" coveredconditionals="0" methods="1" coveredmethods="1"/>
        <line num="4" count="1" type="stmt"/>
        <line num="5" count="3" type="stmt"/>
      </file>
      <file name="Map.jsx" path="D:\UNSW\COMP9900\Project\capstone-project-2025-t1-25t1-9900-h18a-avocado\frontend\src\components\Map.jsx">
        <metrics statements="65" coveredstatements="59" conditionals="35" coveredconditionals="27" methods="15" coveredmethods="10"/>
        <line num="16" count="1" type="stmt"/>
        <line num="20" count="1" type="stmt"/>
        <line num="24" count="1" type="stmt"/>
        <line num="25" count="0" type="cond" truecount="0" falsecount="2"/>
        <line num="29" count="9" type="stmt"/>
        <line num="30" count="9" type="stmt"/>
        <line num="31" count="9" type="stmt"/>
        <line num="32" count="9" type="stmt"/>
        <line num="33" count="9" type="stmt"/>
        <line num="34" count="9" type="stmt"/>
        <line num="36" count="9" type="stmt"/>
        <line num="38" count="3" type="cond" truecount="4" falsecount="0"/>
        <line num="39" count="1" type="stmt"/>
        <line num="43" count="9" type="stmt"/>
        <line num="44" count="3" type="cond" truecount="3" falsecount="1"/>
        <line num="45" count="3" type="stmt"/>
        <line num="54" count="3" type="stmt"/>
        <line num="55" count="3" type="stmt"/>
        <line num="56" count="180" type="stmt"/>
        <line num="57" count="180" type="cond" truecount="2" falsecount="0"/>
        <line num="58" count="174" type="cond" truecount="2" falsecount="0"/>
        <line num="59" count="57" type="stmt"/>
        <line num="60" count="117" type="cond" truecount="2" falsecount="0"/>
        <line num="61" count="57" type="stmt"/>
        <line num="63" count="60" type="stmt"/>
        <line num="67" count="3" type="stmt"/>
        <line num="69" count="0" type="stmt"/>
        <line num="75" count="9" type="stmt"/>
        <line num="76" count="6" type="stmt"/>
        <line num="78" count="6" type="stmt"/>
        <line num="79" count="5" type="cond" truecount="4" falsecount="1"/>
        <line num="81" count="5" type="stmt"/>
        <line num="82" count="5" type="stmt"/>
        <line num="83" count="5" type="stmt"/>
        <line num="85" count="5" type="stmt"/>
        <line num="87" count="5" type="stmt"/>
        <line num="88" count="285" type="stmt"/>
        <line num="89" count="285" type="cond" truecount="1" falsecount="1"/>
        <line num="90" count="285" type="stmt"/>
        <line num="91" count="285" type="cond" truecount="1" falsecount="1"/>
        <line num="93" count="285" type="cond" truecount="2" falsecount="0"/>
        <line num="94" count="285" type="stmt"/>
        <line num="95" count="285" type="stmt"/>
        <line num="97" count="285" type="stmt"/>
        <line num="98" count="2" type="stmt"/>
        <line num="100" count="2" type="cond" truecount="2" falsecount="0"/>
        <line num="101" count="1" type="stmt"/>
        <line num="102" count="1" type="stmt"/>
        <line num="105" count="1" type="stmt"/>
        <line num="107" count="1" type="stmt"/>
        <line num="108" count="1" type="stmt"/>
        <line num="109" count="5" type="stmt"/>
        <line num="110" count="5" type="stmt"/>
        <line num="113" count="1" type="stmt"/>
        <line num="114" count="1" type="stmt"/>
        <line num="122" count="285" type="stmt"/>
        <line num="123" count="0" type="stmt"/>
        <line num="125" count="285" type="stmt"/>
        <line num="126" count="0" type="stmt"/>
        <line num="130" count="5" type="stmt"/>
        <line num="131" count="5" type="cond" truecount="1" falsecount="1"/>
        <line num="135" count="6" type="stmt"/>
        <line num="138" count="9" type="stmt"/>
        <line num="169" count="0" type="stmt"/>
        <line num="175" count="0" type="stmt"/>
      </file>
      <file name="RegionDetail.jsx" path="D:\UNSW\COMP9900\Project\capstone-project-2025-t1-25t1-9900-h18a-avocado\frontend\src\components\RegionDetail.jsx">
        <metrics statements="46" coveredstatements="46" conditionals="40" coveredconditionals="27" methods="13" coveredmethods="13"/>
        <line num="7" count="1" type="stmt"/>
        <line num="9" count="1" type="stmt"/>
        <line num="17" count="1" type="stmt"/>
        <line num="24" count="1" type="stmt"/>
        <line num="25" count="3" type="stmt"/>
        <line num="29" count="3" type="cond" truecount="2" falsecount="0"/>
        <line num="32" count="3" type="stmt"/>
        <line num="35" count="3" type="stmt"/>
        <line num="36" count="8" type="cond" truecount="3" falsecount="1"/>
        <line num="38" count="8" type="stmt"/>
        <line num="39" count="8" type="stmt"/>
        <line num="40" count="8" type="cond" truecount="1" falsecount="1"/>
        <line num="42" count="8" type="stmt"/>
        <line num="46" count="3" type="stmt"/>
        <line num="47" count="8" type="cond" truecount="3" falsecount="1"/>
        <line num="48" count="8" type="stmt"/>
        <line num="52" count="3" type="stmt"/>
        <line num="53" count="8" type="stmt"/>
        <line num="57" count="3" type="stmt"/>
        <line num="58" count="32" type="cond" truecount="1" falsecount="1"/>
        <line num="64" count="3" type="stmt"/>
        <line num="65" count="8" type="stmt"/>
        <line num="66" count="8" type="stmt"/>
        <line num="67" count="8" type="stmt"/>
        <line num="69" count="8" type="stmt"/>
        <line num="70" count="16" type="cond" truecount="1" falsecount="1"/>
        <line num="72" count="8" type="cond" truecount="1" falsecount="1"/>
        <line num="77" count="8" type="stmt"/>
        <line num="81" count="16" type="stmt"/>
        <line num="82" count="16" type="stmt"/>
        <line num="84" count="16" type="cond" truecount="2" falsecount="0"/>
        <line num="94" count="3" type="stmt"/>
        <line num="95" count="4" type="stmt"/>
        <line num="96" count="4" type="stmt"/>
        <line num="97" count="4" type="stmt"/>
        <line num="100" count="4" type="stmt"/>
        <line num="101" count="4" type="stmt"/>
        <line num="104" count="4" type="stmt"/>
        <line num="111" count="3" type="stmt"/>
        <line num="112" count="4" type="cond" truecount="2" falsecount="0"/>
        <line num="113" count="4" type="stmt"/>
        <line num="115" count="4" type="stmt"/>
        <line num="139" count="3" type="cond" truecount="2" falsecount="0"/>
        <line num="140" count="1" type="stmt"/>
        <line num="147" count="2" type="cond" truecount="1" falsecount="1"/>
        <line num="151" count="2" type="stmt"/>
      </file>
      <file name="SideBar.jsx" path="D:\UNSW\COMP9900\Project\capstone-project-2025-t1-25t1-9900-h18a-avocado\frontend\src\components\SideBar.jsx">
        <metrics statements="38" coveredstatements="35" conditionals="19" coveredconditionals="10" methods="14" coveredmethods="13"/>
        <line num="26" count="1" type="stmt"/>
        <line num="35" count="14" type="stmt"/>
        <line num="36" count="14" type="stmt"/>
        <line num="37" count="14" type="stmt"/>
        <line num="38" count="14" type="stmt"/>
        <line num="39" count="14" type="stmt"/>
        <line num="41" count="14" type="stmt"/>
        <line num="42" count="1" type="stmt"/>
        <line num="43" count="1" type="cond" truecount="1" falsecount="1"/>
        <line num="44" count="0" type="stmt"/>
        <line num="48" count="14" type="stmt"/>
        <line num="50" count="2" type="stmt"/>
        <line num="51" count="2" type="cond" truecount="1" falsecount="1"/>
        <line num="52" count="2" type="cond" truecount="1" falsecount="1"/>
        <line num="53" count="2" type="cond" truecount="1" falsecount="1"/>
        <line num="54" count="2" type="cond" truecount="1" falsecount="1"/>
        <line num="55" count="2" type="cond" truecount="1" falsecount="1"/>
        <line num="57" count="2" type="cond" truecount="1" falsecount="1"/>
        <line num="58" count="2" type="stmt"/>
        <line num="59" count="2" type="stmt"/>
        <line num="60" count="2" type="stmt"/>
        <line num="61" count="2" type="stmt"/>
        <line num="65" count="0" type="stmt"/>
        <line num="68" count="14" type="cond" truecount="1" falsecount="0"/>
        <line num="69" count="6" type="stmt"/>
        <line num="70" count="6" type="stmt"/>
        <line num="71" count="6" type="stmt"/>
        <line num="74" count="14" type="stmt"/>
        <line num="75" count="0" type="stmt"/>
        <line num="78" count="14" type="stmt"/>
        <line num="103" count="70" type="cond" truecount="1" falsecount="1"/>
        <line num="124" count="1" type="stmt"/>
        <line num="171" count="1" type="stmt"/>
        <line num="186" count="1" type="stmt"/>
        <line num="201" count="1" type="stmt"/>
        <line num="216" count="1" type="stmt"/>
        <line num="231" count="1" type="stmt"/>
        <line num="246" count="1" type="stmt"/>
      </file>
      <file name="TopBar.jsx" path="D:\UNSW\COMP9900\Project\capstone-project-2025-t1-25t1-9900-h18a-avocado\frontend\src\components\TopBar.jsx">
        <metrics statements="7" coveredstatements="7" conditionals="0" coveredconditionals="0" methods="5" coveredmethods="5"/>
        <line num="5" count="8" type="stmt"/>
        <line num="7" count="8" type="stmt"/>
        <line num="19" count="8" type="stmt"/>
        <line num="20" count="8" type="stmt"/>
        <line num="22" count="8" type="stmt"/>
        <line num="30" count="8" type="stmt"/>
        <line num="68" count="72" type="stmt"/>
      </file>
    </package>
    <package name="src.data">
      <metrics statements="2" coveredstatements="2" conditionals="0" coveredconditionals="0" methods="0" coveredmethods="0"/>
      <file name="regions.js" path="D:\UNSW\COMP9900\Project\capstone-project-2025-t1-25t1-9900-h18a-avocado\frontend\src\data\regions.js">
        <metrics statements="1" coveredstatements="1" conditionals="0" coveredconditionals="0" methods="0" coveredmethods="0"/>
        <line num="1" count="1" type="stmt"/>
      </file>
      <file name="svgMap.js" path="D:\UNSW\COMP9900\Project\capstone-project-2025-t1-25t1-9900-h18a-avocado\frontend\src\data\svgMap.js">
        <metrics statements="1" coveredstatements="1" conditionals="0" coveredconditionals="0" methods="0" coveredmethods="0"/>
        <line num="1" count="1" type="stmt"/>
      </file>
    </package>
  </project>
</coverage>
