{"D:\\UNSW\\COMP9900\\Project\\capstone-project-2025-t1-25t1-9900-h18a-avocado\\frontend\\src\\App.jsx": {"path":"D:\\UNSW\\COMP9900\\Project\\capstone-project-2025-t1-25t1-9900-h18a-avocado\\frontend\\src\\App.jsx","statementMap":{"0":{"start":{"line":13,"column":32},"end":{"line":13,"column":46}},"1":{"start":{"line":14,"column":32},"end":{"line":14,"column":46}},"2":{"start":{"line":15,"column":32},"end":{"line":15,"column":47}},"3":{"start":{"line":17,"column":29},"end":{"line":28,"column":3}},"4":{"start":{"line":18,"column":4},"end":{"line":18,"column":21}},"5":{"start":{"line":19,"column":4},"end":{"line":27,"column":5}},"6":{"start":{"line":20,"column":6},"end":{"line":20,"column":26}},"7":{"start":{"line":21,"column":26},"end":{"line":21,"column":61}},"8":{"start":{"line":22,"column":6},"end":{"line":22,"column":49}},"9":{"start":{"line":24,"column":6},"end":{"line":24,"column":55}},"10":{"start":{"line":26,"column":6},"end":{"line":26,"column":24}},"11":{"start":{"line":30,"column":2},"end":{"line":52,"column":4}}},"fnMap":{"0":{"name":"App","decl":{"start":{"line":12,"column":9},"end":{"line":12,"column":12}},"loc":{"start":{"line":12,"column":15},"end":{"line":53,"column":1}},"line":12},"1":{"name":"(anonymous_1)","decl":{"start":{"line":17,"column":29},"end":{"line":17,"column":30}},"loc":{"start":{"line":17,"column":48},"end":{"line":28,"column":3}},"line":17}},"branchMap":{},"s":{"0":0,"1":0,"2":0,"3":0,"4":0,"5":0,"6":0,"7":0,"8":0,"9":0,"10":0,"11":0},"f":{"0":0,"1":0},"b":{}}
,"D:\\UNSW\\COMP9900\\Project\\capstone-project-2025-t1-25t1-9900-h18a-avocado\\frontend\\src\\babel.config.js": {"path":"D:\\UNSW\\COMP9900\\Project\\capstone-project-2025-t1-25t1-9900-h18a-avocado\\frontend\\src\\babel.config.js","statementMap":{"0":{"start":{"line":1,"column":0},"end":{"line":3,"column":4}}},"fnMap":{},"branchMap":{},"s":{"0":0},"f":{},"b":{}}
,"D:\\UNSW\\COMP9900\\Project\\capstone-project-2025-t1-25t1-9900-h18a-avocado\\frontend\\src\\index.jsx": {"path":"D:\\UNSW\\COMP9900\\Project\\capstone-project-2025-t1-25t1-9900-h18a-avocado\\frontend\\src\\index.jsx","statementMap":{"0":{"start":{"line":6,"column":13},"end":{"line":6,"column":65}},"1":{"start":{"line":7,"column":0},"end":{"line":11,"column":2}}},"fnMap":{},"branchMap":{},"s":{"0":0,"1":0},"f":{},"b":{}}
,"D:\\UNSW\\COMP9900\\Project\\capstone-project-2025-t1-25t1-9900-h18a-avocado\\frontend\\src\\reportWebVitals.js": {"path":"D:\\UNSW\\COMP9900\\Project\\capstone-project-2025-t1-25t1-9900-h18a-avocado\\frontend\\src\\reportWebVitals.js","statementMap":{"0":{"start":{"line":1,"column":24},"end":{"line":11,"column":1}},"1":{"start":{"line":2,"column":2},"end":{"line":10,"column":3}},"2":{"start":{"line":3,"column":4},"end":{"line":9,"column":7}},"3":{"start":{"line":4,"column":6},"end":{"line":4,"column":26}},"4":{"start":{"line":5,"column":6},"end":{"line":5,"column":26}},"5":{"start":{"line":6,"column":6},"end":{"line":6,"column":26}},"6":{"start":{"line":7,"column":6},"end":{"line":7,"column":26}},"7":{"start":{"line":8,"column":6},"end":{"line":8,"column":27}}},"fnMap":{"0":{"name":"(anonymous_0)","decl":{"start":{"line":1,"column":24},"end":{"line":1,"column":25}},"loc":{"start":{"line":1,"column":39},"end":{"line":11,"column":1}},"line":1},"1":{"name":"(anonymous_1)","decl":{"start":{"line":3,"column":30},"end":{"line":3,"column":31}},"loc":{"start":{"line":3,"column":79},"end":{"line":9,"column":5}},"line":3}},"branchMap":{"0":{"loc":{"start":{"line":2,"column":2},"end":{"line":10,"column":3}},"type":"if","locations":[{"start":{"line":2,"column":2},"end":{"line":10,"column":3}},{"start":{},"end":{}}],"line":2},"1":{"loc":{"start":{"line":2,"column":6},"end":{"line":2,"column":52}},"type":"binary-expr","locations":[{"start":{"line":2,"column":6},"end":{"line":2,"column":17}},{"start":{"line":2,"column":21},"end":{"line":2,"column":52}}],"line":2}},"s":{"0":0,"1":0,"2":0,"3":0,"4":0,"5":0,"6":0,"7":0},"f":{"0":0,"1":0},"b":{"0":[0,0],"1":[0,0]}}
,"D:\\UNSW\\COMP9900\\Project\\capstone-project-2025-t1-25t1-9900-h18a-avocado\\frontend\\src\\api\\dataProcess.js": {"path":"D:\\UNSW\\COMP9900\\Project\\capstone-project-2025-t1-25t1-9900-h18a-avocado\\frontend\\src\\api\\dataProcess.js","statementMap":{"0":{"start":{"line":15,"column":36},"end":{"line":55,"column":1}},"1":{"start":{"line":16,"column":35},"end":{"line":18,"column":18}},"2":{"start":{"line":17,"column":51},"end":{"line":17,"column":69}},"3":{"start":{"line":20,"column":21},"end":{"line":25,"column":3}},"4":{"start":{"line":27,"column":17},"end":{"line":27,"column":40}},"5":{"start":{"line":28,"column":2},"end":{"line":30,"column":3}},"6":{"start":{"line":29,"column":4},"end":{"line":29,"column":40}},"7":{"start":{"line":32,"column":26},"end":{"line":36,"column":3}},"8":{"start":{"line":38,"column":24},"end":{"line":42,"column":3}},"9":{"start":{"line":44,"column":37},"end":{"line":47,"column":4}},"10":{"start":{"line":49,"column":16},"end":{"line":52,"column":4}},"11":{"start":{"line":50,"column":24},"end":{"line":50,"column":57}},"12":{"start":{"line":51,"column":4},"end":{"line":51,"column":30}},"13":{"start":{"line":54,"column":2},"end":{"line":54,"column":15}}},"fnMap":{"0":{"name":"(anonymous_0)","decl":{"start":{"line":15,"column":36},"end":{"line":15,"column":37}},"loc":{"start":{"line":15,"column":55},"end":{"line":55,"column":1}},"line":15},"1":{"name":"(anonymous_1)","decl":{"start":{"line":17,"column":44},"end":{"line":17,"column":45}},"loc":{"start":{"line":17,"column":51},"end":{"line":17,"column":69}},"line":17},"2":{"name":"(anonymous_2)","decl":{"start":{"line":49,"column":49},"end":{"line":49,"column":50}},"loc":{"start":{"line":49,"column":66},"end":{"line":52,"column":3}},"line":49}},"branchMap":{"0":{"loc":{"start":{"line":16,"column":35},"end":{"line":18,"column":18}},"type":"cond-expr","locations":[{"start":{"line":17,"column":6},"end":{"line":17,"column":70}},{"start":{"line":18,"column":6},"end":{"line":18,"column":18}}],"line":16},"1":{"loc":{"start":{"line":24,"column":15},"end":{"line":24,"column":53}},"type":"binary-expr","locations":[{"start":{"line":24,"column":15},"end":{"line":24,"column":47}},{"start":{"line":24,"column":51},"end":{"line":24,"column":53}}],"line":24},"2":{"loc":{"start":{"line":28,"column":2},"end":{"line":30,"column":3}},"type":"if","locations":[{"start":{"line":28,"column":2},"end":{"line":30,"column":3}},{"start":{},"end":{}}],"line":28}},"s":{"0":1,"1":3,"2":6,"3":3,"4":3,"5":3,"6":0,"7":3,"8":3,"9":3,"10":3,"11":6,"12":6,"13":2},"f":{"0":3,"1":6,"2":6},"b":{"0":[3,0],"1":[3,0],"2":[0,3]},"_coverageSchema":"1a1c01bbd47fc00a2c39e90264f33305004495a9","hash":"3fcd4c7dd173df03e8789a43287a6e25095c7439"}
,"D:\\UNSW\\COMP9900\\Project\\capstone-project-2025-t1-25t1-9900-h18a-avocado\\frontend\\src\\api\\dataStats.js": {"path":"D:\\UNSW\\COMP9900\\Project\\capstone-project-2025-t1-25t1-9900-h18a-avocado\\frontend\\src\\api\\dataStats.js","statementMap":{"0":{"start":{"line":13,"column":21},"end":{"line":16,"column":1}},"1":{"start":{"line":18,"column":21},"end":{"line":20,"column":1}},"2":{"start":{"line":23,"column":18},"end":{"line":25,"column":1}},"3":{"start":{"line":24,"column":2},"end":{"line":24,"column":58}},"4":{"start":{"line":27,"column":22},"end":{"line":31,"column":1}},"5":{"start":{"line":28,"column":20},"end":{"line":28,"column":38}},"6":{"start":{"line":29,"column":17},"end":{"line":29,"column":61}},"7":{"start":{"line":29,"column":35},"end":{"line":29,"column":60}},"8":{"start":{"line":30,"column":2},"end":{"line":30,"column":56}},"9":{"start":{"line":34,"column":32},"end":{"line":107,"column":1}},"10":{"start":{"line":35,"column":35},"end":{"line":37,"column":18}},"11":{"start":{"line":36,"column":51},"end":{"line":36,"column":69}},"12":{"start":{"line":39,"column":21},"end":{"line":43,"column":3}},"13":{"start":{"line":45,"column":17},"end":{"line":45,"column":45}},"14":{"start":{"line":48,"column":33},"end":{"line":48,"column":35}},"15":{"start":{"line":49,"column":31},"end":{"line":49,"column":33}},"16":{"start":{"line":52,"column":20},"end":{"line":52,"column":93}},"17":{"start":{"line":54,"column":2},"end":{"line":96,"column":3}},"18":{"start":{"line":56,"column":32},"end":{"line":56,"column":34}},"19":{"start":{"line":57,"column":30},"end":{"line":57,"column":32}},"20":{"start":{"line":60,"column":4},"end":{"line":92,"column":5}},"21":{"start":{"line":61,"column":30},"end":{"line":68,"column":7}},"22":{"start":{"line":70,"column":28},"end":{"line":77,"column":7}},"23":{"start":{"line":80,"column":31},"end":{"line":82,"column":38}},"24":{"start":{"line":84,"column":41},"end":{"line":87,"column":8}},"25":{"start":{"line":90,"column":6},"end":{"line":90,"column":48}},"26":{"start":{"line":91,"column":6},"end":{"line":91,"column":44}},"27":{"start":{"line":94,"column":4},"end":{"line":94,"column":59}},"28":{"start":{"line":95,"column":4},"end":{"line":95,"column":55}},"29":{"start":{"line":98,"column":21},"end":{"line":98,"column":44}},"30":{"start":{"line":101,"column":2},"end":{"line":106,"column":4}}},"fnMap":{"0":{"name":"(anonymous_0)","decl":{"start":{"line":23,"column":18},"end":{"line":23,"column":19}},"loc":{"start":{"line":23,"column":30},"end":{"line":25,"column":1}},"line":23},"1":{"name":"(anonymous_1)","decl":{"start":{"line":27,"column":22},"end":{"line":27,"column":23}},"loc":{"start":{"line":27,"column":36},"end":{"line":31,"column":1}},"line":27},"2":{"name":"(anonymous_2)","decl":{"start":{"line":29,"column":30},"end":{"line":29,"column":31}},"loc":{"start":{"line":29,"column":35},"end":{"line":29,"column":60}},"line":29},"3":{"name":"(anonymous_3)","decl":{"start":{"line":34,"column":32},"end":{"line":34,"column":33}},"loc":{"start":{"line":34,"column":61},"end":{"line":107,"column":1}},"line":34},"4":{"name":"(anonymous_4)","decl":{"start":{"line":36,"column":44},"end":{"line":36,"column":45}},"loc":{"start":{"line":36,"column":51},"end":{"line":36,"column":69}},"line":36}},"branchMap":{"0":{"loc":{"start":{"line":24,"column":9},"end":{"line":24,"column":57}},"type":"cond-expr","locations":[{"start":{"line":24,"column":30},"end":{"line":24,"column":42}},{"start":{"line":24,"column":45},"end":{"line":24,"column":57}}],"line":24},"1":{"loc":{"start":{"line":30,"column":9},"end":{"line":30,"column":55}},"type":"cond-expr","locations":[{"start":{"line":30,"column":18},"end":{"line":30,"column":36}},{"start":{"line":30,"column":39},"end":{"line":30,"column":55}}],"line":30},"2":{"loc":{"start":{"line":35,"column":35},"end":{"line":37,"column":18}},"type":"cond-expr","locations":[{"start":{"line":36,"column":6},"end":{"line":36,"column":70}},{"start":{"line":37,"column":6},"end":{"line":37,"column":18}}],"line":35},"3":{"loc":{"start":{"line":42,"column":15},"end":{"line":42,"column":53}},"type":"binary-expr","locations":[{"start":{"line":42,"column":15},"end":{"line":42,"column":47}},{"start":{"line":42,"column":51},"end":{"line":42,"column":53}}],"line":42},"4":{"loc":{"start":{"line":52,"column":20},"end":{"line":52,"column":93}},"type":"cond-expr","locations":[{"start":{"line":52,"column":52},"end":{"line":52,"column":70}},{"start":{"line":52,"column":73},"end":{"line":52,"column":93}}],"line":52},"5":{"loc":{"start":{"line":80,"column":31},"end":{"line":82,"column":38}},"type":"cond-expr","locations":[{"start":{"line":81,"column":10},"end":{"line":81,"column":38}},{"start":{"line":82,"column":10},"end":{"line":82,"column":38}}],"line":80}},"s":{"0":1,"1":1,"2":1,"3":2,"4":1,"5":2,"6":2,"7":46,"8":2,"9":1,"10":2,"11":4,"12":2,"13":2,"14":2,"15":2,"16":2,"17":2,"18":4,"19":4,"20":4,"21":20,"22":20,"23":20,"24":20,"25":20,"26":20,"27":4,"28":4,"29":2,"30":2},"f":{"0":2,"1":2,"2":46,"3":2,"4":4},"b":{"0":[1,1],"1":[2,0],"2":[2,0],"3":[2,0],"4":[1,1],"5":[10,10]},"_coverageSchema":"1a1c01bbd47fc00a2c39e90264f33305004495a9","hash":"bdb1396c93459df19a467d369e95e837b4edff3e"}
,"D:\\UNSW\\COMP9900\\Project\\capstone-project-2025-t1-25t1-9900-h18a-avocado\\frontend\\src\\api\\mapApi.js": {"path":"D:\\UNSW\\COMP9900\\Project\\capstone-project-2025-t1-25t1-9900-h18a-avocado\\frontend\\src\\api\\mapApi.js","statementMap":{"0":{"start":{"line":1,"column":21},"end":{"line":1,"column":52}},"1":{"start":{"line":9,"column":20},"end":{"line":22,"column":1}},"2":{"start":{"line":10,"column":2},"end":{"line":21,"column":3}},"3":{"start":{"line":11,"column":21},"end":{"line":15,"column":6}},"4":{"start":{"line":17,"column":4},"end":{"line":17,"column":33}},"5":{"start":{"line":19,"column":4},"end":{"line":19,"column":47}},"6":{"start":{"line":20,"column":4},"end":{"line":20,"column":64}},"7":{"start":{"line":29,"column":28},"end":{"line":31,"column":1}},"8":{"start":{"line":30,"column":2},"end":{"line":30,"column":46}}},"fnMap":{"0":{"name":"(anonymous_0)","decl":{"start":{"line":9,"column":20},"end":{"line":9,"column":21}},"loc":{"start":{"line":9,"column":49},"end":{"line":22,"column":1}},"line":9},"1":{"name":"(anonymous_1)","decl":{"start":{"line":29,"column":28},"end":{"line":29,"column":29}},"loc":{"start":{"line":29,"column":57},"end":{"line":31,"column":1}},"line":29}},"branchMap":{},"s":{"0":1,"1":1,"2":0,"3":0,"4":0,"5":0,"6":0,"7":1,"8":0},"f":{"0":0,"1":0},"b":{},"_coverageSchema":"1a1c01bbd47fc00a2c39e90264f33305004495a9","hash":"117f6f0bfc1ae1990c7e283f47c0f3915922f7ec"}
,"D:\\UNSW\\COMP9900\\Project\\capstone-project-2025-t1-25t1-9900-h18a-avocado\\frontend\\src\\api\\regionApi.js": {"path":"D:\\UNSW\\COMP9900\\Project\\capstone-project-2025-t1-25t1-9900-h18a-avocado\\frontend\\src\\api\\regionApi.js","statementMap":{"0":{"start":{"line":1,"column":21},"end":{"line":1,"column":52}},"1":{"start":{"line":7,"column":20},"end":{"line":19,"column":1}},"2":{"start":{"line":8,"column":2},"end":{"line":18,"column":3}},"3":{"start":{"line":9,"column":21},"end":{"line":13,"column":6}},"4":{"start":{"line":14,"column":4},"end":{"line":14,"column":33}},"5":{"start":{"line":16,"column":4},"end":{"line":16,"column":47}},"6":{"start":{"line":17,"column":4},"end":{"line":17,"column":64}},"7":{"start":{"line":21,"column":34},"end":{"line":23,"column":1}},"8":{"start":{"line":22,"column":2},"end":{"line":22,"column":59}},"9":{"start":{"line":25,"column":34},"end":{"line":27,"column":1}},"10":{"start":{"line":26,"column":2},"end":{"line":26,"column":62}}},"fnMap":{"0":{"name":"(anonymous_0)","decl":{"start":{"line":7,"column":20},"end":{"line":7,"column":21}},"loc":{"start":{"line":7,"column":49},"end":{"line":19,"column":1}},"line":7},"1":{"name":"(anonymous_1)","decl":{"start":{"line":21,"column":34},"end":{"line":21,"column":35}},"loc":{"start":{"line":21,"column":53},"end":{"line":23,"column":1}},"line":21},"2":{"name":"(anonymous_2)","decl":{"start":{"line":25,"column":34},"end":{"line":25,"column":35}},"loc":{"start":{"line":25,"column":53},"end":{"line":27,"column":1}},"line":25}},"branchMap":{},"s":{"0":1,"1":1,"2":0,"3":0,"4":0,"5":0,"6":0,"7":1,"8":0,"9":1,"10":0},"f":{"0":0,"1":0,"2":0},"b":{},"_coverageSchema":"1a1c01bbd47fc00a2c39e90264f33305004495a9","hash":"98c3d0e948d4108b0e651949a88daedd93ffdc22"}
,"D:\\UNSW\\COMP9900\\Project\\capstone-project-2025-t1-25t1-9900-h18a-avocado\\frontend\\src\\components\\DropDown.jsx": {"path":"D:\\UNSW\\COMP9900\\Project\\capstone-project-2025-t1-25t1-9900-h18a-avocado\\frontend\\src\\components\\DropDown.jsx","statementMap":{"0":{"start":{"line":15,"column":24},"end":{"line":28,"column":1}},"1":{"start":{"line":30,"column":27},"end":{"line":35,"column":1}},"2":{"start":{"line":31,"column":2},"end":{"line":33,"column":3}},"3":{"start":{"line":32,"column":4},"end":{"line":32,"column":40}},"4":{"start":{"line":34,"column":2},"end":{"line":34,"column":34}},"5":{"start":{"line":37,"column":17},"end":{"line":86,"column":1}},"6":{"start":{"line":38,"column":26},"end":{"line":38,"column":41}},"7":{"start":{"line":39,"column":44},"end":{"line":39,"column":56}},"8":{"start":{"line":41,"column":2},"end":{"line":45,"column":23}},"9":{"start":{"line":42,"column":4},"end":{"line":44,"column":5}},"10":{"start":{"line":43,"column":6},"end":{"line":43,"column":27}},"11":{"start":{"line":47,"column":23},"end":{"line":49,"column":3}},"12":{"start":{"line":48,"column":4},"end":{"line":48,"column":19}},"13":{"start":{"line":51,"column":31},"end":{"line":54,"column":3}},"14":{"start":{"line":52,"column":4},"end":{"line":52,"column":41}},"15":{"start":{"line":53,"column":4},"end":{"line":53,"column":49}},"16":{"start":{"line":57,"column":4},"end":{"line":59,"column":47}},"17":{"start":{"line":61,"column":2},"end":{"line":85,"column":4}},"18":{"start":{"line":76,"column":16},"end":{"line":78,"column":27}}},"fnMap":{"0":{"name":"(anonymous_0)","decl":{"start":{"line":30,"column":27},"end":{"line":30,"column":28}},"loc":{"start":{"line":30,"column":47},"end":{"line":35,"column":1}},"line":30},"1":{"name":"(anonymous_1)","decl":{"start":{"line":37,"column":17},"end":{"line":37,"column":18}},"loc":{"start":{"line":37,"column":73},"end":{"line":86,"column":1}},"line":37},"2":{"name":"(anonymous_2)","decl":{"start":{"line":41,"column":12},"end":{"line":41,"column":13}},"loc":{"start":{"line":41,"column":18},"end":{"line":45,"column":3}},"line":41},"3":{"name":"(anonymous_3)","decl":{"start":{"line":47,"column":23},"end":{"line":47,"column":24}},"loc":{"start":{"line":47,"column":29},"end":{"line":49,"column":3}},"line":47},"4":{"name":"(anonymous_4)","decl":{"start":{"line":51,"column":31},"end":{"line":51,"column":32}},"loc":{"start":{"line":51,"column":42},"end":{"line":54,"column":3}},"line":51},"5":{"name":"(anonymous_5)","decl":{"start":{"line":75,"column":27},"end":{"line":75,"column":28}},"loc":{"start":{"line":76,"column":16},"end":{"line":78,"column":27}},"line":76}},"branchMap":{"0":{"loc":{"start":{"line":31,"column":2},"end":{"line":33,"column":3}},"type":"if","locations":[{"start":{"line":31,"column":2},"end":{"line":33,"column":3}},{"start":{},"end":{}}],"line":31},"1":{"loc":{"start":{"line":42,"column":4},"end":{"line":44,"column":5}},"type":"if","locations":[{"start":{"line":42,"column":4},"end":{"line":44,"column":5}},{"start":{},"end":{}}],"line":42},"2":{"loc":{"start":{"line":57,"column":4},"end":{"line":59,"column":47}},"type":"cond-expr","locations":[{"start":{"line":58,"column":8},"end":{"line":58,"column":42}},{"start":{"line":59,"column":8},"end":{"line":59,"column":47}}],"line":57},"3":{"loc":{"start":{"line":59,"column":8},"end":{"line":59,"column":47}},"type":"binary-expr","locations":[{"start":{"line":59,"column":8},"end":{"line":59,"column":39}},{"start":{"line":59,"column":43},"end":{"line":59,"column":47}}],"line":59},"4":{"loc":{"start":{"line":67,"column":9},"end":{"line":67,"column":47}},"type":"cond-expr","locations":[{"start":{"line":67,"column":16},"end":{"line":67,"column":30}},{"start":{"line":67,"column":33},"end":{"line":67,"column":47}}],"line":67}},"s":{"0":2,"1":2,"2":24,"3":3,"4":21,"5":2,"6":86,"7":86,"8":86,"9":30,"10":7,"11":86,"12":4,"13":86,"14":1,"15":1,"16":86,"17":86,"18":272},"f":{"0":24,"1":86,"2":30,"3":4,"4":1,"5":272},"b":{"0":[3,21],"1":[7,23],"2":[24,62],"3":[62,0],"4":[7,79]},"_coverageSchema":"1a1c01bbd47fc00a2c39e90264f33305004495a9","hash":"ac64b4a73fa80f007ce378570cd809c7358d5b67"}
,"D:\\UNSW\\COMP9900\\Project\\capstone-project-2025-t1-25t1-9900-h18a-avocado\\frontend\\src\\components\\Legend.jsx": {"path":"D:\\UNSW\\COMP9900\\Project\\capstone-project-2025-t1-25t1-9900-h18a-avocado\\frontend\\src\\components\\Legend.jsx","statementMap":{"0":{"start":{"line":4,"column":15},"end":{"line":33,"column":1}},"1":{"start":{"line":5,"column":2},"end":{"line":32,"column":4}}},"fnMap":{"0":{"name":"(anonymous_0)","decl":{"start":{"line":4,"column":15},"end":{"line":4,"column":16}},"loc":{"start":{"line":4,"column":21},"end":{"line":33,"column":1}},"line":4}},"branchMap":{},"s":{"0":1,"1":3},"f":{"0":3},"b":{},"_coverageSchema":"1a1c01bbd47fc00a2c39e90264f33305004495a9","hash":"a4535a2b6f2fa7d47aef711bc3d016e679357f7c"}
,"D:\\UNSW\\COMP9900\\Project\\capstone-project-2025-t1-25t1-9900-h18a-avocado\\frontend\\src\\components\\Map.jsx": {"path":"D:\\UNSW\\COMP9900\\Project\\capstone-project-2025-t1-25t1-9900-h18a-avocado\\frontend\\src\\components\\Map.jsx","statementMap":{"0":{"start":{"line":16,"column":15},"end":{"line":19,"column":1}},"1":{"start":{"line":20,"column":21},"end":{"line":23,"column":1}},"2":{"start":{"line":24,"column":22},"end":{"line":26,"column":1}},"3":{"start":{"line":25,"column":2},"end":{"line":25,"column":42}},"4":{"start":{"line":29,"column":19},"end":{"line":29,"column":32}},"5":{"start":{"line":30,"column":46},"end":{"line":30,"column":60}},"6":{"start":{"line":31,"column":40},"end":{"line":31,"column":54}},"7":{"start":{"line":32,"column":42},"end":{"line":32,"column":54}},"8":{"start":{"line":33,"column":40},"end":{"line":33,"column":55}},"9":{"start":{"line":34,"column":38},"end":{"line":34,"column":53}},"10":{"start":{"line":36,"column":2},"end":{"line":41,"column":16}},"11":{"start":{"line":38,"column":4},"end":{"line":40,"column":5}},"12":{"start":{"line":39,"column":6},"end":{"line":39,"column":27}},"13":{"start":{"line":43,"column":2},"end":{"line":71,"column":16}},"14":{"start":{"line":44,"column":4},"end":{"line":70,"column":5}},"15":{"start":{"line":45,"column":27},"end":{"line":52,"column":7}},"16":{"start":{"line":54,"column":21},"end":{"line":54,"column":23}},"17":{"start":{"line":55,"column":6},"end":{"line":65,"column":9}},"18":{"start":{"line":56,"column":25},"end":{"line":56,"column":44}},"19":{"start":{"line":57,"column":8},"end":{"line":57,"column":30}},"20":{"start":{"line":57,"column":23},"end":{"line":57,"column":30}},"21":{"start":{"line":58,"column":8},"end":{"line":64,"column":9}},"22":{"start":{"line":59,"column":10},"end":{"line":59,"column":36}},"23":{"start":{"line":60,"column":15},"end":{"line":64,"column":9}},"24":{"start":{"line":61,"column":10},"end":{"line":61,"column":37}},"25":{"start":{"line":63,"column":10},"end":{"line":63,"column":35}},"26":{"start":{"line":67,"column":6},"end":{"line":67,"column":30}},"27":{"start":{"line":69,"column":6},"end":{"line":69,"column":56}},"28":{"start":{"line":75,"column":21},"end":{"line":136,"column":3}},"29":{"start":{"line":76,"column":16},"end":{"line":76,"column":24}},"30":{"start":{"line":78,"column":4},"end":{"line":133,"column":28}},"31":{"start":{"line":79,"column":6},"end":{"line":79,"column":49}},"32":{"start":{"line":79,"column":42},"end":{"line":79,"column":49}},"33":{"start":{"line":81,"column":25},"end":{"line":81,"column":86}},"34":{"start":{"line":82,"column":6},"end":{"line":82,"column":56}},"35":{"start":{"line":83,"column":6},"end":{"line":83,"column":40}},"36":{"start":{"line":85,"column":25},"end":{"line":85,"column":91}},"37":{"start":{"line":87,"column":6},"end":{"line":128,"column":9}},"38":{"start":{"line":88,"column":25},"end":{"line":88,"column":64}},"39":{"start":{"line":89,"column":8},"end":{"line":89,"column":30}},"40":{"start":{"line":89,"column":23},"end":{"line":89,"column":30}},"41":{"start":{"line":90,"column":26},"end":{"line":90,"column":48}},"42":{"start":{"line":91,"column":8},"end":{"line":91,"column":36}},"43":{"start":{"line":91,"column":29},"end":{"line":91,"column":36}},"44":{"start":{"line":93,"column":22},"end":{"line":93,"column":54}},"45":{"start":{"line":94,"column":8},"end":{"line":94,"column":32}},"46":{"start":{"line":95,"column":8},"end":{"line":95,"column":43}},"47":{"start":{"line":97,"column":8},"end":{"line":120,"column":10}},"48":{"start":{"line":98,"column":10},"end":{"line":98,"column":33}},"49":{"start":{"line":100,"column":10},"end":{"line":103,"column":11}},"50":{"start":{"line":101,"column":12},"end":{"line":101,"column":32}},"51":{"start":{"line":102,"column":12},"end":{"line":102,"column":19}},"52":{"start":{"line":105,"column":10},"end":{"line":105,"column":38}},"53":{"start":{"line":107,"column":36},"end":{"line":107,"column":38}},"54":{"start":{"line":108,"column":10},"end":{"line":111,"column":13}},"55":{"start":{"line":109,"column":27},"end":{"line":109,"column":51}},"56":{"start":{"line":110,"column":12},"end":{"line":110,"column":53}},"57":{"start":{"line":113,"column":24},"end":{"line":113,"column":65}},"58":{"start":{"line":114,"column":10},"end":{"line":119,"column":13}},"59":{"start":{"line":122,"column":8},"end":{"line":124,"column":10}},"60":{"start":{"line":123,"column":10},"end":{"line":123,"column":45}},"61":{"start":{"line":125,"column":8},"end":{"line":127,"column":10}},"62":{"start":{"line":126,"column":10},"end":{"line":126,"column":71}},"63":{"start":{"line":130,"column":6},"end":{"line":132,"column":8}},"64":{"start":{"line":131,"column":8},"end":{"line":131,"column":52}},"65":{"start":{"line":131,"column":24},"end":{"line":131,"column":52}},"66":{"start":{"line":135,"column":4},"end":{"line":135,"column":16}},"67":{"start":{"line":138,"column":2},"end":{"line":179,"column":4}},"68":{"start":{"line":169,"column":47},"end":{"line":169,"column":67}},"69":{"start":{"line":175,"column":33},"end":{"line":175,"column":53}}},"fnMap":{"0":{"name":"(anonymous_0)","decl":{"start":{"line":24,"column":22},"end":{"line":24,"column":23}},"loc":{"start":{"line":24,"column":36},"end":{"line":26,"column":1}},"line":24},"1":{"name":"Map","decl":{"start":{"line":28,"column":9},"end":{"line":28,"column":12}},"loc":{"start":{"line":28,"column":35},"end":{"line":180,"column":1}},"line":28},"2":{"name":"(anonymous_2)","decl":{"start":{"line":36,"column":12},"end":{"line":36,"column":13}},"loc":{"start":{"line":36,"column":18},"end":{"line":41,"column":3}},"line":36},"3":{"name":"(anonymous_3)","decl":{"start":{"line":43,"column":12},"end":{"line":43,"column":13}},"loc":{"start":{"line":43,"column":18},"end":{"line":71,"column":3}},"line":43},"4":{"name":"(anonymous_4)","decl":{"start":{"line":55,"column":36},"end":{"line":55,"column":37}},"loc":{"start":{"line":55,"column":54},"end":{"line":65,"column":7}},"line":55},"5":{"name":"(anonymous_5)","decl":{"start":{"line":75,"column":21},"end":{"line":75,"column":22}},"loc":{"start":{"line":75,"column":27},"end":{"line":136,"column":3}},"line":75},"6":{"name":"(anonymous_6)","decl":{"start":{"line":78,"column":14},"end":{"line":78,"column":15}},"loc":{"start":{"line":78,"column":20},"end":{"line":133,"column":5}},"line":78},"7":{"name":"(anonymous_7)","decl":{"start":{"line":87,"column":50},"end":{"line":87,"column":51}},"loc":{"start":{"line":87,"column":60},"end":{"line":128,"column":7}},"line":87},"8":{"name":"(anonymous_8)","decl":{"start":{"line":97,"column":23},"end":{"line":97,"column":24}},"loc":{"start":{"line":97,"column":40},"end":{"line":120,"column":9}},"line":97},"9":{"name":"(anonymous_9)","decl":{"start":{"line":108,"column":39},"end":{"line":108,"column":40}},"loc":{"start":{"line":108,"column":48},"end":{"line":111,"column":11}},"line":108},"10":{"name":"(anonymous_10)","decl":{"start":{"line":122,"column":27},"end":{"line":122,"column":28}},"loc":{"start":{"line":122,"column":38},"end":{"line":124,"column":9}},"line":122},"11":{"name":"(anonymous_11)","decl":{"start":{"line":125,"column":26},"end":{"line":125,"column":27}},"loc":{"start":{"line":125,"column":37},"end":{"line":127,"column":9}},"line":125},"12":{"name":"(anonymous_12)","decl":{"start":{"line":130,"column":13},"end":{"line":130,"column":14}},"loc":{"start":{"line":130,"column":19},"end":{"line":132,"column":7}},"line":130},"13":{"name":"(anonymous_13)","decl":{"start":{"line":169,"column":41},"end":{"line":169,"column":42}},"loc":{"start":{"line":169,"column":47},"end":{"line":169,"column":67}},"line":169},"14":{"name":"(anonymous_14)","decl":{"start":{"line":175,"column":27},"end":{"line":175,"column":28}},"loc":{"start":{"line":175,"column":33},"end":{"line":175,"column":53}},"line":175}},"branchMap":{"0":{"loc":{"start":{"line":25,"column":9},"end":{"line":25,"column":41}},"type":"binary-expr","locations":[{"start":{"line":25,"column":9},"end":{"line":25,"column":31}},{"start":{"line":25,"column":35},"end":{"line":25,"column":41}}],"line":25},"1":{"loc":{"start":{"line":38,"column":4},"end":{"line":40,"column":5}},"type":"if","locations":[{"start":{"line":38,"column":4},"end":{"line":40,"column":5}},{"start":{},"end":{}}],"line":38},"2":{"loc":{"start":{"line":38,"column":8},"end":{"line":38,"column":50}},"type":"binary-expr","locations":[{"start":{"line":38,"column":8},"end":{"line":38,"column":15}},{"start":{"line":38,"column":19},"end":{"line":38,"column":50}}],"line":38},"3":{"loc":{"start":{"line":44,"column":4},"end":{"line":70,"column":5}},"type":"if","locations":[{"start":{"line":44,"column":4},"end":{"line":70,"column":5}},{"start":{"line":68,"column":11},"end":{"line":70,"column":5}}],"line":44},"4":{"loc":{"start":{"line":44,"column":8},"end":{"line":44,"column":55}},"type":"binary-expr","locations":[{"start":{"line":44,"column":8},"end":{"line":44,"column":15}},{"start":{"line":44,"column":19},"end":{"line":44,"column":55}}],"line":44},"5":{"loc":{"start":{"line":57,"column":8},"end":{"line":57,"column":30}},"type":"if","locations":[{"start":{"line":57,"column":8},"end":{"line":57,"column":30}},{"start":{},"end":{}}],"line":57},"6":{"loc":{"start":{"line":58,"column":8},"end":{"line":64,"column":9}},"type":"if","locations":[{"start":{"line":58,"column":8},"end":{"line":64,"column":9}},{"start":{"line":60,"column":15},"end":{"line":64,"column":9}}],"line":58},"7":{"loc":{"start":{"line":60,"column":15},"end":{"line":64,"column":9}},"type":"if","locations":[{"start":{"line":60,"column":15},"end":{"line":64,"column":9}},{"start":{"line":62,"column":15},"end":{"line":64,"column":9}}],"line":60},"8":{"loc":{"start":{"line":79,"column":6},"end":{"line":79,"column":49}},"type":"if","locations":[{"start":{"line":79,"column":6},"end":{"line":79,"column":49}},{"start":{},"end":{}}],"line":79},"9":{"loc":{"start":{"line":79,"column":10},"end":{"line":79,"column":40}},"type":"binary-expr","locations":[{"start":{"line":79,"column":10},"end":{"line":79,"column":21}},{"start":{"line":79,"column":25},"end":{"line":79,"column":32}},{"start":{"line":79,"column":36},"end":{"line":79,"column":40}}],"line":79},"10":{"loc":{"start":{"line":89,"column":8},"end":{"line":89,"column":30}},"type":"if","locations":[{"start":{"line":89,"column":8},"end":{"line":89,"column":30}},{"start":{},"end":{}}],"line":89},"11":{"loc":{"start":{"line":91,"column":8},"end":{"line":91,"column":36}},"type":"if","locations":[{"start":{"line":91,"column":8},"end":{"line":91,"column":36}},{"start":{},"end":{}}],"line":91},"12":{"loc":{"start":{"line":93,"column":22},"end":{"line":93,"column":54}},"type":"binary-expr","locations":[{"start":{"line":93,"column":22},"end":{"line":93,"column":44}},{"start":{"line":93,"column":48},"end":{"line":93,"column":54}}],"line":93},"13":{"loc":{"start":{"line":100,"column":10},"end":{"line":103,"column":11}},"type":"if","locations":[{"start":{"line":100,"column":10},"end":{"line":103,"column":11}},{"start":{},"end":{}}],"line":100},"14":{"loc":{"start":{"line":131,"column":8},"end":{"line":131,"column":52}},"type":"if","locations":[{"start":{"line":131,"column":8},"end":{"line":131,"column":52}},{"start":{},"end":{}}],"line":131},"15":{"loc":{"start":{"line":155,"column":7},"end":{"line":168,"column":7}},"type":"binary-expr","locations":[{"start":{"line":155,"column":7},"end":{"line":155,"column":21}},{"start":{"line":156,"column":8},"end":{"line":167,"column":14}}],"line":155},"16":{"loc":{"start":{"line":158,"column":11},"end":{"line":166,"column":11}},"type":"cond-expr","locations":[{"start":{"line":159,"column":12},"end":{"line":163,"column":18}},{"start":{"line":165,"column":12},"end":{"line":165,"column":43}}],"line":158}},"s":{"0":1,"1":1,"2":1,"3":0,"4":9,"5":9,"6":9,"7":9,"8":9,"9":9,"10":9,"11":3,"12":1,"13":9,"14":3,"15":3,"16":3,"17":3,"18":180,"19":180,"20":6,"21":174,"22":57,"23":117,"24":57,"25":60,"26":3,"27":0,"28":9,"29":6,"30":6,"31":5,"32":0,"33":5,"34":5,"35":5,"36":5,"37":5,"38":285,"39":285,"40":0,"41":285,"42":285,"43":0,"44":285,"45":285,"46":285,"47":285,"48":2,"49":2,"50":1,"51":1,"52":1,"53":1,"54":1,"55":5,"56":5,"57":1,"58":1,"59":285,"60":0,"61":285,"62":0,"63":5,"64":5,"65":5,"66":6,"67":9,"68":0,"69":0},"f":{"0":0,"1":9,"2":3,"3":3,"4":180,"5":6,"6":5,"7":285,"8":2,"9":5,"10":0,"11":0,"12":5,"13":0,"14":0},"b":{"0":[0,0],"1":[1,2],"2":[3,3],"3":[3,0],"4":[3,3],"5":[6,174],"6":[57,117],"7":[57,60],"8":[0,5],"9":[5,5,5],"10":[0,285],"11":[0,285],"12":[285,5],"13":[1,1],"14":[5,0],"15":[9,2],"16":[0,2]},"_coverageSchema":"1a1c01bbd47fc00a2c39e90264f33305004495a9","hash":"3c59e9ec9e420d4953ec7f000037a096e2dce1b2"}
,"D:\\UNSW\\COMP9900\\Project\\capstone-project-2025-t1-25t1-9900-h18a-avocado\\frontend\\src\\components\\RegionDetail.jsx": {"path":"D:\\UNSW\\COMP9900\\Project\\capstone-project-2025-t1-25t1-9900-h18a-avocado\\frontend\\src\\components\\RegionDetail.jsx","statementMap":{"0":{"start":{"line":7,"column":0},"end":{"line":7,"column":33}},"1":{"start":{"line":9,"column":20},"end":{"line":15,"column":1}},"2":{"start":{"line":17,"column":24},"end":{"line":22,"column":1}},"3":{"start":{"line":24,"column":21},"end":{"line":199,"column":1}},"4":{"start":{"line":25,"column":20},"end":{"line":25,"column":33}},"5":{"start":{"line":29,"column":6},"end":{"line":29,"column":17}},"6":{"start":{"line":32,"column":63},"end":{"line":32,"column":68}},"7":{"start":{"line":35,"column":27},"end":{"line":43,"column":3}},"8":{"start":{"line":36,"column":4},"end":{"line":36,"column":75}},"9":{"start":{"line":36,"column":38},"end":{"line":36,"column":75}},"10":{"start":{"line":38,"column":22},"end":{"line":38,"column":45}},"11":{"start":{"line":39,"column":26},"end":{"line":39,"column":38}},"12":{"start":{"line":40,"column":19},"end":{"line":40,"column":65}},"13":{"start":{"line":42,"column":4},"end":{"line":42,"column":33}},"14":{"start":{"line":46,"column":36},"end":{"line":49,"column":3}},"15":{"start":{"line":47,"column":4},"end":{"line":47,"column":52}},"16":{"start":{"line":47,"column":43},"end":{"line":47,"column":52}},"17":{"start":{"line":48,"column":4},"end":{"line":48,"column":60}},"18":{"start":{"line":52,"column":38},"end":{"line":54,"column":3}},"19":{"start":{"line":53,"column":4},"end":{"line":53,"column":35}},"20":{"start":{"line":57,"column":23},"end":{"line":61,"column":3}},"21":{"start":{"line":58,"column":4},"end":{"line":60,"column":53}},"22":{"start":{"line":64,"column":28},"end":{"line":91,"column":3}},"23":{"start":{"line":65,"column":34},"end":{"line":65,"column":52}},"24":{"start":{"line":66,"column":25},"end":{"line":66,"column":46}},"25":{"start":{"line":67,"column":21},"end":{"line":67,"column":62}},"26":{"start":{"line":69,"column":4},"end":{"line":90,"column":6}},"27":{"start":{"line":70,"column":34},"end":{"line":70,"column":61}},"28":{"start":{"line":72,"column":23},"end":{"line":75,"column":9}},"29":{"start":{"line":77,"column":8},"end":{"line":88,"column":10}},"30":{"start":{"line":81,"column":34},"end":{"line":81,"column":89}},"31":{"start":{"line":82,"column":32},"end":{"line":82,"column":85}},"32":{"start":{"line":84,"column":12},"end":{"line":86,"column":72}},"33":{"start":{"line":94,"column":29},"end":{"line":108,"column":3}},"34":{"start":{"line":95,"column":22},"end":{"line":95,"column":56}},"35":{"start":{"line":95,"column":49},"end":{"line":95,"column":55}},"36":{"start":{"line":96,"column":16},"end":{"line":96,"column":38}},"37":{"start":{"line":97,"column":16},"end":{"line":97,"column":38}},"38":{"start":{"line":100,"column":29},"end":{"line":102,"column":5}},"39":{"start":{"line":101,"column":6},"end":{"line":101,"column":65}},"40":{"start":{"line":104,"column":4},"end":{"line":107,"column":6}},"41":{"start":{"line":111,"column":26},"end":{"line":137,"column":3}},"42":{"start":{"line":112,"column":17},"end":{"line":112,"column":76}},"43":{"start":{"line":113,"column":25},"end":{"line":113,"column":49}},"44":{"start":{"line":115,"column":4},"end":{"line":136,"column":6}},"45":{"start":{"line":139,"column":2},"end":{"line":145,"column":3}},"46":{"start":{"line":140,"column":4},"end":{"line":144,"column":6}},"47":{"start":{"line":147,"column":21},"end":{"line":149,"column":42}},"48":{"start":{"line":151,"column":2},"end":{"line":198,"column":4}}},"fnMap":{"0":{"name":"(anonymous_0)","decl":{"start":{"line":24,"column":21},"end":{"line":24,"column":22}},"loc":{"start":{"line":24,"column":27},"end":{"line":199,"column":1}},"line":24},"1":{"name":"(anonymous_1)","decl":{"start":{"line":35,"column":27},"end":{"line":35,"column":28}},"loc":{"start":{"line":35,"column":33},"end":{"line":43,"column":3}},"line":35},"2":{"name":"(anonymous_2)","decl":{"start":{"line":46,"column":36},"end":{"line":46,"column":37}},"loc":{"start":{"line":46,"column":64},"end":{"line":49,"column":3}},"line":46},"3":{"name":"(anonymous_3)","decl":{"start":{"line":52,"column":38},"end":{"line":52,"column":39}},"loc":{"start":{"line":52,"column":66},"end":{"line":54,"column":3}},"line":52},"4":{"name":"(anonymous_4)","decl":{"start":{"line":57,"column":23},"end":{"line":57,"column":24}},"loc":{"start":{"line":57,"column":46},"end":{"line":61,"column":3}},"line":57},"5":{"name":"(anonymous_5)","decl":{"start":{"line":64,"column":28},"end":{"line":64,"column":29}},"loc":{"start":{"line":64,"column":38},"end":{"line":91,"column":3}},"line":64},"6":{"name":"(anonymous_6)","decl":{"start":{"line":70,"column":25},"end":{"line":70,"column":26}},"loc":{"start":{"line":70,"column":34},"end":{"line":70,"column":61}},"line":70},"7":{"name":"(anonymous_7)","decl":{"start":{"line":71,"column":30},"end":{"line":71,"column":31}},"loc":{"start":{"line":71,"column":42},"end":{"line":89,"column":7}},"line":71},"8":{"name":"(anonymous_8)","decl":{"start":{"line":80,"column":27},"end":{"line":80,"column":28}},"loc":{"start":{"line":80,"column":36},"end":{"line":87,"column":11}},"line":80},"9":{"name":"(anonymous_9)","decl":{"start":{"line":94,"column":29},"end":{"line":94,"column":30}},"loc":{"start":{"line":94,"column":39},"end":{"line":108,"column":3}},"line":94},"10":{"name":"(anonymous_10)","decl":{"start":{"line":95,"column":44},"end":{"line":95,"column":45}},"loc":{"start":{"line":95,"column":49},"end":{"line":95,"column":55}},"line":95},"11":{"name":"(anonymous_11)","decl":{"start":{"line":100,"column":29},"end":{"line":100,"column":30}},"loc":{"start":{"line":100,"column":38},"end":{"line":102,"column":5}},"line":100},"12":{"name":"(anonymous_12)","decl":{"start":{"line":111,"column":26},"end":{"line":111,"column":27}},"loc":{"start":{"line":111,"column":44},"end":{"line":137,"column":3}},"line":111}},"branchMap":{"0":{"loc":{"start":{"line":27,"column":4},"end":{"line":27,"column":16}},"type":"default-arg","locations":[{"start":{"line":27,"column":14},"end":{"line":27,"column":16}}],"line":27},"1":{"loc":{"start":{"line":28,"column":4},"end":{"line":28,"column":14}},"type":"default-arg","locations":[{"start":{"line":28,"column":12},"end":{"line":28,"column":14}}],"line":28},"2":{"loc":{"start":{"line":29,"column":6},"end":{"line":29,"column":17}},"type":"binary-expr","locations":[{"start":{"line":29,"column":6},"end":{"line":29,"column":11}},{"start":{"line":29,"column":15},"end":{"line":29,"column":17}}],"line":29},"3":{"loc":{"start":{"line":36,"column":4},"end":{"line":36,"column":75}},"type":"if","locations":[{"start":{"line":36,"column":4},"end":{"line":36,"column":75}},{"start":{},"end":{}}],"line":36},"4":{"loc":{"start":{"line":36,"column":8},"end":{"line":36,"column":36}},"type":"binary-expr","locations":[{"start":{"line":36,"column":8},"end":{"line":36,"column":21}},{"start":{"line":36,"column":25},"end":{"line":36,"column":36}}],"line":36},"5":{"loc":{"start":{"line":40,"column":31},"end":{"line":40,"column":64}},"type":"binary-expr","locations":[{"start":{"line":40,"column":31},"end":{"line":40,"column":58}},{"start":{"line":40,"column":62},"end":{"line":40,"column":64}}],"line":40},"6":{"loc":{"start":{"line":47,"column":4},"end":{"line":47,"column":52}},"type":"if","locations":[{"start":{"line":47,"column":4},"end":{"line":47,"column":52}},{"start":{},"end":{}}],"line":47},"7":{"loc":{"start":{"line":47,"column":8},"end":{"line":47,"column":41}},"type":"binary-expr","locations":[{"start":{"line":47,"column":8},"end":{"line":47,"column":20}},{"start":{"line":47,"column":24},"end":{"line":47,"column":41}}],"line":47},"8":{"loc":{"start":{"line":58,"column":11},"end":{"line":60,"column":52}},"type":"cond-expr","locations":[{"start":{"line":59,"column":8},"end":{"line":59,"column":44}},{"start":{"line":60,"column":8},"end":{"line":60,"column":52}}],"line":58},"9":{"loc":{"start":{"line":59,"column":8},"end":{"line":59,"column":44}},"type":"binary-expr","locations":[{"start":{"line":59,"column":8},"end":{"line":59,"column":39}},{"start":{"line":59,"column":43},"end":{"line":59,"column":44}}],"line":59},"10":{"loc":{"start":{"line":60,"column":8},"end":{"line":60,"column":52}},"type":"binary-expr","locations":[{"start":{"line":60,"column":8},"end":{"line":60,"column":47}},{"start":{"line":60,"column":51},"end":{"line":60,"column":52}}],"line":60},"11":{"loc":{"start":{"line":70,"column":34},"end":{"line":70,"column":61}},"type":"binary-expr","locations":[{"start":{"line":70,"column":34},"end":{"line":70,"column":52}},{"start":{"line":70,"column":56},"end":{"line":70,"column":61}}],"line":70},"12":{"loc":{"start":{"line":72,"column":23},"end":{"line":75,"column":9}},"type":"binary-expr","locations":[{"start":{"line":72,"column":23},"end":{"line":72,"column":48}},{"start":{"line":72,"column":52},"end":{"line":75,"column":9}}],"line":72},"13":{"loc":{"start":{"line":84,"column":19},"end":{"line":86,"column":71}},"type":"cond-expr","locations":[{"start":{"line":85,"column":16},"end":{"line":85,"column":69}},{"start":{"line":86,"column":16},"end":{"line":86,"column":71}}],"line":84},"14":{"loc":{"start":{"line":105,"column":11},"end":{"line":105,"column":46}},"type":"cond-expr","locations":[{"start":{"line":105,"column":21},"end":{"line":105,"column":42}},{"start":{"line":105,"column":45},"end":{"line":105,"column":46}}],"line":105},"15":{"loc":{"start":{"line":112,"column":35},"end":{"line":112,"column":75}},"type":"cond-expr","locations":[{"start":{"line":112,"column":50},"end":{"line":112,"column":62}},{"start":{"line":112,"column":65},"end":{"line":112,"column":75}}],"line":112},"16":{"loc":{"start":{"line":128,"column":18},"end":{"line":129,"column":122}},"type":"cond-expr","locations":[{"start":{"line":128,"column":33},"end":{"line":128,"column":56}},{"start":{"line":129,"column":18},"end":{"line":129,"column":122}}],"line":128},"17":{"loc":{"start":{"line":129,"column":18},"end":{"line":129,"column":122}},"type":"cond-expr","locations":[{"start":{"line":129,"column":62},"end":{"line":129,"column":90}},{"start":{"line":129,"column":93},"end":{"line":129,"column":122}}],"line":129},"18":{"loc":{"start":{"line":139,"column":2},"end":{"line":145,"column":3}},"type":"if","locations":[{"start":{"line":139,"column":2},"end":{"line":145,"column":3}},{"start":{},"end":{}}],"line":139},"19":{"loc":{"start":{"line":147,"column":21},"end":{"line":149,"column":42}},"type":"cond-expr","locations":[{"start":{"line":148,"column":6},"end":{"line":148,"column":44}},{"start":{"line":149,"column":6},"end":{"line":149,"column":42}}],"line":147},"20":{"loc":{"start":{"line":154,"column":28},"end":{"line":154,"column":64}},"type":"binary-expr","locations":[{"start":{"line":154,"column":28},"end":{"line":154,"column":39}},{"start":{"line":154,"column":43},"end":{"line":154,"column":64}}],"line":154}},"s":{"0":1,"1":1,"2":1,"3":1,"4":3,"5":3,"6":3,"7":3,"8":8,"9":0,"10":8,"11":8,"12":8,"13":8,"14":3,"15":8,"16":0,"17":8,"18":3,"19":8,"20":3,"21":32,"22":3,"23":8,"24":8,"25":8,"26":8,"27":16,"28":8,"29":8,"30":16,"31":16,"32":16,"33":3,"34":4,"35":4,"36":4,"37":4,"38":4,"39":4,"40":4,"41":3,"42":4,"43":4,"44":4,"45":3,"46":1,"47":2,"48":2},"f":{"0":3,"1":8,"2":8,"3":8,"4":32,"5":8,"6":16,"7":8,"8":16,"9":4,"10":4,"11":4,"12":4},"b":{"0":[1],"1":[1],"2":[3,1],"3":[0,8],"4":[8,8],"5":[8,0],"6":[0,8],"7":[8,8],"8":[32,0],"9":[32,0],"10":[0,0],"11":[16,0],"12":[8,0],"13":[8,8],"14":[0,4],"15":[2,2],"16":[2,2],"17":[2,0],"18":[1,2],"19":[2,0],"20":[2,0]},"_coverageSchema":"1a1c01bbd47fc00a2c39e90264f33305004495a9","hash":"6790b75c9883c74ce0ecb9726b68f7943aa90a9a"}
,"D:\\UNSW\\COMP9900\\Project\\capstone-project-2025-t1-25t1-9900-h18a-avocado\\frontend\\src\\components\\SideBar.jsx": {"path":"D:\\UNSW\\COMP9900\\Project\\capstone-project-2025-t1-25t1-9900-h18a-avocado\\frontend\\src\\components\\SideBar.jsx","statementMap":{"0":{"start":{"line":26,"column":18},"end":{"line":32,"column":1}},"1":{"start":{"line":35,"column":48},"end":{"line":35,"column":60}},"2":{"start":{"line":36,"column":46},"end":{"line":36,"column":58}},"3":{"start":{"line":37,"column":38},"end":{"line":37,"column":53}},"4":{"start":{"line":38,"column":44},"end":{"line":38,"column":56}},"5":{"start":{"line":39,"column":40},"end":{"line":39,"column":63}},"6":{"start":{"line":41,"column":32},"end":{"line":46,"column":3}},"7":{"start":{"line":42,"column":4},"end":{"line":42,"column":67}},"8":{"start":{"line":42,"column":34},"end":{"line":42,"column":64}},"9":{"start":{"line":43,"column":4},"end":{"line":45,"column":5}},"10":{"start":{"line":44,"column":6},"end":{"line":44,"column":31}},"11":{"start":{"line":48,"column":23},"end":{"line":66,"column":3}},"12":{"start":{"line":50,"column":26},"end":{"line":50,"column":28}},"13":{"start":{"line":51,"column":4},"end":{"line":51,"column":73}},"14":{"start":{"line":51,"column":40},"end":{"line":51,"column":73}},"15":{"start":{"line":52,"column":4},"end":{"line":52,"column":79}},"16":{"start":{"line":52,"column":43},"end":{"line":52,"column":79}},"17":{"start":{"line":53,"column":4},"end":{"line":53,"column":75}},"18":{"start":{"line":53,"column":41},"end":{"line":53,"column":75}},"19":{"start":{"line":54,"column":4},"end":{"line":54,"column":65}},"20":{"start":{"line":54,"column":36},"end":{"line":54,"column":65}},"21":{"start":{"line":55,"column":4},"end":{"line":55,"column":69}},"22":{"start":{"line":55,"column":38},"end":{"line":55,"column":69}},"23":{"start":{"line":57,"column":4},"end":{"line":62,"column":5}},"24":{"start":{"line":58,"column":6},"end":{"line":58,"column":43}},"25":{"start":{"line":59,"column":6},"end":{"line":59,"column":90}},"26":{"start":{"line":60,"column":6},"end":{"line":60,"column":26}},"27":{"start":{"line":61,"column":6},"end":{"line":61,"column":13}},"28":{"start":{"line":65,"column":4},"end":{"line":65,"column":33}},"29":{"start":{"line":68,"column":27},"end":{"line":72,"column":3}},"30":{"start":{"line":69,"column":4},"end":{"line":69,"column":26}},"31":{"start":{"line":70,"column":4},"end":{"line":70,"column":30}},"32":{"start":{"line":71,"column":4},"end":{"line":71,"column":24}},"33":{"start":{"line":74,"column":28},"end":{"line":76,"column":3}},"34":{"start":{"line":75,"column":4},"end":{"line":75,"column":25}},"35":{"start":{"line":78,"column":2},"end":{"line":270,"column":4}},"36":{"start":{"line":103,"column":12},"end":{"line":110,"column":13}},"37":{"start":{"line":124,"column":29},"end":{"line":124,"column":79}},"38":{"start":{"line":171,"column":14},"end":{"line":173,"column":15}},"39":{"start":{"line":186,"column":14},"end":{"line":188,"column":15}},"40":{"start":{"line":201,"column":14},"end":{"line":203,"column":15}},"41":{"start":{"line":216,"column":14},"end":{"line":218,"column":15}},"42":{"start":{"line":231,"column":14},"end":{"line":233,"column":15}},"43":{"start":{"line":246,"column":14},"end":{"line":248,"column":15}}},"fnMap":{"0":{"name":"SideBar","decl":{"start":{"line":34,"column":9},"end":{"line":34,"column":16}},"loc":{"start":{"line":34,"column":43},"end":{"line":271,"column":1}},"line":34},"1":{"name":"(anonymous_1)","decl":{"start":{"line":41,"column":32},"end":{"line":41,"column":33}},"loc":{"start":{"line":41,"column":53},"end":{"line":46,"column":3}},"line":41},"2":{"name":"(anonymous_2)","decl":{"start":{"line":42,"column":23},"end":{"line":42,"column":24}},"loc":{"start":{"line":42,"column":34},"end":{"line":42,"column":64}},"line":42},"3":{"name":"(anonymous_3)","decl":{"start":{"line":48,"column":23},"end":{"line":48,"column":24}},"loc":{"start":{"line":48,"column":29},"end":{"line":66,"column":3}},"line":48},"4":{"name":"(anonymous_4)","decl":{"start":{"line":68,"column":27},"end":{"line":68,"column":28}},"loc":{"start":{"line":68,"column":63},"end":{"line":72,"column":3}},"line":68},"5":{"name":"(anonymous_5)","decl":{"start":{"line":74,"column":28},"end":{"line":74,"column":29}},"loc":{"start":{"line":74,"column":34},"end":{"line":76,"column":3}},"line":74},"6":{"name":"(anonymous_6)","decl":{"start":{"line":102,"column":25},"end":{"line":102,"column":26}},"loc":{"start":{"line":103,"column":12},"end":{"line":110,"column":13}},"line":103},"7":{"name":"(anonymous_7)","decl":{"start":{"line":124,"column":22},"end":{"line":124,"column":23}},"loc":{"start":{"line":124,"column":29},"end":{"line":124,"column":79}},"line":124},"8":{"name":"(anonymous_8)","decl":{"start":{"line":170,"column":21},"end":{"line":170,"column":22}},"loc":{"start":{"line":171,"column":14},"end":{"line":173,"column":15}},"line":171},"9":{"name":"(anonymous_9)","decl":{"start":{"line":185,"column":21},"end":{"line":185,"column":22}},"loc":{"start":{"line":186,"column":14},"end":{"line":188,"column":15}},"line":186},"10":{"name":"(anonymous_10)","decl":{"start":{"line":200,"column":21},"end":{"line":200,"column":22}},"loc":{"start":{"line":201,"column":14},"end":{"line":203,"column":15}},"line":201},"11":{"name":"(anonymous_11)","decl":{"start":{"line":215,"column":21},"end":{"line":215,"column":22}},"loc":{"start":{"line":216,"column":14},"end":{"line":218,"column":15}},"line":216},"12":{"name":"(anonymous_12)","decl":{"start":{"line":230,"column":21},"end":{"line":230,"column":22}},"loc":{"start":{"line":231,"column":14},"end":{"line":233,"column":15}},"line":231},"13":{"name":"(anonymous_13)","decl":{"start":{"line":245,"column":21},"end":{"line":245,"column":22}},"loc":{"start":{"line":246,"column":14},"end":{"line":248,"column":15}},"line":246}},"branchMap":{"0":{"loc":{"start":{"line":43,"column":4},"end":{"line":45,"column":5}},"type":"if","locations":[{"start":{"line":43,"column":4},"end":{"line":45,"column":5}},{"start":{},"end":{}}],"line":43},"1":{"loc":{"start":{"line":51,"column":4},"end":{"line":51,"column":73}},"type":"if","locations":[{"start":{"line":51,"column":4},"end":{"line":51,"column":73}},{"start":{},"end":{}}],"line":51},"2":{"loc":{"start":{"line":52,"column":4},"end":{"line":52,"column":79}},"type":"if","locations":[{"start":{"line":52,"column":4},"end":{"line":52,"column":79}},{"start":{},"end":{}}],"line":52},"3":{"loc":{"start":{"line":53,"column":4},"end":{"line":53,"column":75}},"type":"if","locations":[{"start":{"line":53,"column":4},"end":{"line":53,"column":75}},{"start":{},"end":{}}],"line":53},"4":{"loc":{"start":{"line":54,"column":4},"end":{"line":54,"column":65}},"type":"if","locations":[{"start":{"line":54,"column":4},"end":{"line":54,"column":65}},{"start":{},"end":{}}],"line":54},"5":{"loc":{"start":{"line":55,"column":4},"end":{"line":55,"column":69}},"type":"if","locations":[{"start":{"line":55,"column":4},"end":{"line":55,"column":69}},{"start":{},"end":{}}],"line":55},"6":{"loc":{"start":{"line":57,"column":4},"end":{"line":62,"column":5}},"type":"if","locations":[{"start":{"line":57,"column":4},"end":{"line":62,"column":5}},{"start":{},"end":{}}],"line":57},"7":{"loc":{"start":{"line":68,"column":37},"end":{"line":68,"column":58}},"type":"default-arg","locations":[{"start":{"line":68,"column":45},"end":{"line":68,"column":58}}],"line":68},"8":{"loc":{"start":{"line":103,"column":12},"end":{"line":110,"column":13}},"type":"cond-expr","locations":[{"start":{"line":104,"column":14},"end":{"line":104,"column":136}},{"start":{"line":106,"column":14},"end":{"line":109,"column":25}}],"line":103},"9":{"loc":{"start":{"line":146,"column":11},"end":{"line":146,"column":52}},"type":"cond-expr","locations":[{"start":{"line":146,"column":21},"end":{"line":146,"column":33}},{"start":{"line":146,"column":36},"end":{"line":146,"column":52}}],"line":146}},"s":{"0":1,"1":14,"2":14,"3":14,"4":14,"5":14,"6":14,"7":1,"8":1,"9":1,"10":0,"11":14,"12":2,"13":2,"14":2,"15":2,"16":2,"17":2,"18":2,"19":2,"20":2,"21":2,"22":2,"23":2,"24":2,"25":2,"26":2,"27":2,"28":0,"29":14,"30":6,"31":6,"32":6,"33":14,"34":0,"35":14,"36":70,"37":1,"38":1,"39":1,"40":1,"41":1,"42":1,"43":1},"f":{"0":14,"1":1,"2":1,"3":2,"4":6,"5":0,"6":70,"7":1,"8":1,"9":1,"10":1,"11":1,"12":1,"13":1},"b":{"0":[0,1],"1":[2,0],"2":[2,0],"3":[2,0],"4":[2,0],"5":[2,0],"6":[2,0],"7":[6],"8":[70,0],"9":[0,14]},"_coverageSchema":"1a1c01bbd47fc00a2c39e90264f33305004495a9","hash":"86f8ae8901f925cfe2182b24bc83cf8e8a190501"}
,"D:\\UNSW\\COMP9900\\Project\\capstone-project-2025-t1-25t1-9900-h18a-avocado\\frontend\\src\\components\\TopBar.jsx": {"path":"D:\\UNSW\\COMP9900\\Project\\capstone-project-2025-t1-25t1-9900-h18a-avocado\\frontend\\src\\components\\TopBar.jsx","statementMap":{"0":{"start":{"line":5,"column":26},"end":{"line":5,"column":41}},"1":{"start":{"line":7,"column":16},"end":{"line":17,"column":3}},"2":{"start":{"line":19,"column":27},"end":{"line":19,"column":46}},"3":{"start":{"line":19,"column":33},"end":{"line":19,"column":46}},"4":{"start":{"line":20,"column":28},"end":{"line":20,"column":48}},"5":{"start":{"line":20,"column":34},"end":{"line":20,"column":48}},"6":{"start":{"line":22,"column":2},"end":{"line":82,"column":4}},"7":{"start":{"line":30,"column":29},"end":{"line":30,"column":52}},"8":{"start":{"line":68,"column":14},"end":{"line":70,"column":21}}},"fnMap":{"0":{"name":"TopBar","decl":{"start":{"line":4,"column":9},"end":{"line":4,"column":15}},"loc":{"start":{"line":4,"column":18},"end":{"line":83,"column":1}},"line":4},"1":{"name":"(anonymous_1)","decl":{"start":{"line":19,"column":27},"end":{"line":19,"column":28}},"loc":{"start":{"line":19,"column":33},"end":{"line":19,"column":46}},"line":19},"2":{"name":"(anonymous_2)","decl":{"start":{"line":20,"column":28},"end":{"line":20,"column":29}},"loc":{"start":{"line":20,"column":34},"end":{"line":20,"column":48}},"line":20},"3":{"name":"(anonymous_3)","decl":{"start":{"line":30,"column":18},"end":{"line":30,"column":19}},"loc":{"start":{"line":30,"column":29},"end":{"line":30,"column":52}},"line":30},"4":{"name":"(anonymous_4)","decl":{"start":{"line":67,"column":23},"end":{"line":67,"column":24}},"loc":{"start":{"line":68,"column":14},"end":{"line":70,"column":21}},"line":68}},"branchMap":{},"s":{"0":8,"1":8,"2":8,"3":3,"4":8,"5":1,"6":8,"7":8,"8":72},"f":{"0":8,"1":3,"2":1,"3":8,"4":72},"b":{},"_coverageSchema":"1a1c01bbd47fc00a2c39e90264f33305004495a9","hash":"cc058fe950df1dc55b638fa728a6ece77590018a"}
,"D:\\UNSW\\COMP9900\\Project\\capstone-project-2025-t1-25t1-9900-h18a-avocado\\frontend\\src\\data\\regions.js": {"path":"D:\\UNSW\\COMP9900\\Project\\capstone-project-2025-t1-25t1-9900-h18a-avocado\\frontend\\src\\data\\regions.js","statementMap":{"0":{"start":{"line":1,"column":16},"end":{"line":60,"column":3}}},"fnMap":{},"branchMap":{},"s":{"0":1},"f":{},"b":{},"_coverageSchema":"1a1c01bbd47fc00a2c39e90264f33305004495a9","hash":"cdfa4c2464d83bc04f0af8b4733c4c3227fb1087"}
,"D:\\UNSW\\COMP9900\\Project\\capstone-project-2025-t1-25t1-9900-h18a-avocado\\frontend\\src\\data\\svgMap.js": {"path":"D:\\UNSW\\COMP9900\\Project\\capstone-project-2025-t1-25t1-9900-h18a-avocado\\frontend\\src\\data\\svgMap.js","statementMap":{"0":{"start":{"line":1,"column":19},"end":{"line":61,"column":1}}},"fnMap":{},"branchMap":{},"s":{"0":1},"f":{},"b":{},"_coverageSchema":"1a1c01bbd47fc00a2c39e90264f33305004495a9","hash":"ae0e58df32ee871e18f4b107aa7a3c36a1a55293"}
}
