TN:
SF:src\App.jsx
FN:12,App
FN:17,(anonymous_1)
FNF:2
FNH:0
FNDA:0,App
FNDA:0,(anonymous_1)
DA:13,0
DA:14,0
DA:15,0
DA:17,0
DA:18,0
DA:19,0
DA:20,0
DA:21,0
DA:22,0
DA:24,0
DA:26,0
DA:30,0
LF:12
LH:0
BRF:0
BRH:0
end_of_record
TN:
SF:src\babel.config.js
FNF:0
FNH:0
DA:1,0
LF:1
LH:0
BRF:0
BRH:0
end_of_record
TN:
SF:src\index.jsx
FNF:0
FNH:0
DA:6,0
DA:7,0
LF:2
LH:0
BRF:0
BRH:0
end_of_record
TN:
SF:src\reportWebVitals.js
FN:1,(anonymous_0)
FN:3,(anonymous_1)
FNF:2
FNH:0
FNDA:0,(anonymous_0)
FNDA:0,(anonymous_1)
DA:1,0
DA:2,0
DA:3,0
DA:4,0
DA:5,0
DA:6,0
DA:7,0
DA:8,0
LF:8
LH:0
BRDA:2,0,0,0
BRDA:2,0,1,0
BRDA:2,1,0,0
BRDA:2,1,1,0
BRF:4
BRH:0
end_of_record
TN:
SF:src\api\dataProcess.js
FN:15,(anonymous_0)
FN:17,(anonymous_1)
FN:49,(anonymous_2)
FNF:3
FNH:3
FNDA:3,(anonymous_0)
FNDA:6,(anonymous_1)
FNDA:6,(anonymous_2)
DA:15,1
DA:16,3
DA:17,6
DA:20,3
DA:27,3
DA:28,3
DA:29,0
DA:32,3
DA:38,3
DA:44,3
DA:49,3
DA:50,6
DA:51,6
DA:54,2
LF:14
LH:13
BRDA:16,0,0,3
BRDA:16,0,1,0
BRDA:24,1,0,3
BRDA:24,1,1,0
BRDA:28,2,0,0
BRDA:28,2,1,3
BRF:6
BRH:3
end_of_record
TN:
SF:src\api\dataStats.js
FN:23,(anonymous_0)
FN:27,(anonymous_1)
FN:29,(anonymous_2)
FN:34,(anonymous_3)
FN:36,(anonymous_4)
FNF:5
FNH:5
FNDA:2,(anonymous_0)
FNDA:2,(anonymous_1)
FNDA:46,(anonymous_2)
FNDA:2,(anonymous_3)
FNDA:4,(anonymous_4)
DA:13,1
DA:18,1
DA:23,1
DA:24,2
DA:27,1
DA:28,2
DA:29,46
DA:30,2
DA:34,1
DA:35,2
DA:36,4
DA:39,2
DA:45,2
DA:48,2
DA:49,2
DA:52,2
DA:54,2
DA:56,4
DA:57,4
DA:60,4
DA:61,20
DA:70,20
DA:80,20
DA:84,20
DA:90,20
DA:91,20
DA:94,4
DA:95,4
DA:98,2
DA:101,2
LF:30
LH:30
BRDA:24,0,0,1
BRDA:24,0,1,1
BRDA:30,1,0,2
BRDA:30,1,1,0
BRDA:35,2,0,2
BRDA:35,2,1,0
BRDA:42,3,0,2
BRDA:42,3,1,0
BRDA:52,4,0,1
BRDA:52,4,1,1
BRDA:80,5,0,10
BRDA:80,5,1,10
BRF:12
BRH:9
end_of_record
TN:
SF:src\api\mapApi.js
FN:9,(anonymous_0)
FN:29,(anonymous_1)
FNF:2
FNH:0
FNDA:0,(anonymous_0)
FNDA:0,(anonymous_1)
DA:1,1
DA:9,1
DA:10,0
DA:11,0
DA:17,0
DA:19,0
DA:20,0
DA:29,1
DA:30,0
LF:9
LH:3
BRF:0
BRH:0
end_of_record
TN:
SF:src\api\regionApi.js
FN:7,(anonymous_0)
FN:21,(anonymous_1)
FN:25,(anonymous_2)
FNF:3
FNH:0
FNDA:0,(anonymous_0)
FNDA:0,(anonymous_1)
FNDA:0,(anonymous_2)
DA:1,1
DA:7,1
DA:8,0
DA:9,0
DA:14,0
DA:16,0
DA:17,0
DA:21,1
DA:22,0
DA:25,1
DA:26,0
LF:11
LH:4
BRF:0
BRH:0
end_of_record
TN:
SF:src\components\DropDown.jsx
FN:30,(anonymous_0)
FN:37,(anonymous_1)
FN:41,(anonymous_2)
FN:47,(anonymous_3)
FN:51,(anonymous_4)
FN:75,(anonymous_5)
FNF:6
FNH:6
FNDA:24,(anonymous_0)
FNDA:86,(anonymous_1)
FNDA:30,(anonymous_2)
FNDA:4,(anonymous_3)
FNDA:1,(anonymous_4)
FNDA:272,(anonymous_5)
DA:15,2
DA:30,2
DA:31,24
DA:32,3
DA:34,21
DA:37,2
DA:38,86
DA:39,86
DA:41,86
DA:42,30
DA:43,7
DA:47,86
DA:48,4
DA:51,86
DA:52,1
DA:53,1
DA:57,86
DA:61,86
DA:76,272
LF:19
LH:19
BRDA:31,0,0,3
BRDA:31,0,1,21
BRDA:42,1,0,7
BRDA:42,1,1,23
BRDA:57,2,0,24
BRDA:57,2,1,62
BRDA:59,3,0,62
BRDA:59,3,1,0
BRDA:67,4,0,7
BRDA:67,4,1,79
BRF:10
BRH:9
end_of_record
TN:
SF:src\components\Legend.jsx
FN:4,(anonymous_0)
FNF:1
FNH:1
FNDA:3,(anonymous_0)
DA:4,1
DA:5,3
LF:2
LH:2
BRF:0
BRH:0
end_of_record
TN:
SF:src\components\Map.jsx
FN:24,(anonymous_0)
FN:28,Map
FN:36,(anonymous_2)
FN:43,(anonymous_3)
FN:55,(anonymous_4)
FN:75,(anonymous_5)
FN:78,(anonymous_6)
FN:87,(anonymous_7)
FN:97,(anonymous_8)
FN:108,(anonymous_9)
FN:122,(anonymous_10)
FN:125,(anonymous_11)
FN:130,(anonymous_12)
FN:169,(anonymous_13)
FN:175,(anonymous_14)
FNF:15
FNH:10
FNDA:0,(anonymous_0)
FNDA:9,Map
FNDA:3,(anonymous_2)
FNDA:3,(anonymous_3)
FNDA:180,(anonymous_4)
FNDA:6,(anonymous_5)
FNDA:5,(anonymous_6)
FNDA:285,(anonymous_7)
FNDA:2,(anonymous_8)
FNDA:5,(anonymous_9)
FNDA:0,(anonymous_10)
FNDA:0,(anonymous_11)
FNDA:5,(anonymous_12)
FNDA:0,(anonymous_13)
FNDA:0,(anonymous_14)
DA:16,1
DA:20,1
DA:24,1
DA:25,0
DA:29,9
DA:30,9
DA:31,9
DA:32,9
DA:33,9
DA:34,9
DA:36,9
DA:38,3
DA:39,1
DA:43,9
DA:44,3
DA:45,3
DA:54,3
DA:55,3
DA:56,180
DA:57,180
DA:58,174
DA:59,57
DA:60,117
DA:61,57
DA:63,60
DA:67,3
DA:69,0
DA:75,9
DA:76,6
DA:78,6
DA:79,5
DA:81,5
DA:82,5
DA:83,5
DA:85,5
DA:87,5
DA:88,285
DA:89,285
DA:90,285
DA:91,285
DA:93,285
DA:94,285
DA:95,285
DA:97,285
DA:98,2
DA:100,2
DA:101,1
DA:102,1
DA:105,1
DA:107,1
DA:108,1
DA:109,5
DA:110,5
DA:113,1
DA:114,1
DA:122,285
DA:123,0
DA:125,285
DA:126,0
DA:130,5
DA:131,5
DA:135,6
DA:138,9
DA:169,0
DA:175,0
LF:65
LH:59
BRDA:25,0,0,0
BRDA:25,0,1,0
BRDA:38,1,0,1
BRDA:38,1,1,2
BRDA:38,2,0,3
BRDA:38,2,1,3
BRDA:44,3,0,3
BRDA:44,3,1,0
BRDA:44,4,0,3
BRDA:44,4,1,3
BRDA:57,5,0,6
BRDA:57,5,1,174
BRDA:58,6,0,57
BRDA:58,6,1,117
BRDA:60,7,0,57
BRDA:60,7,1,60
BRDA:79,8,0,0
BRDA:79,8,1,5
BRDA:79,9,0,5
BRDA:79,9,1,5
BRDA:79,9,2,5
BRDA:89,10,0,0
BRDA:89,10,1,285
BRDA:91,11,0,0
BRDA:91,11,1,285
BRDA:93,12,0,285
BRDA:93,12,1,5
BRDA:100,13,0,1
BRDA:100,13,1,1
BRDA:131,14,0,5
BRDA:131,14,1,0
BRDA:155,15,0,9
BRDA:155,15,1,2
BRDA:158,16,0,0
BRDA:158,16,1,2
BRF:35
BRH:27
end_of_record
TN:
SF:src\components\RegionDetail.jsx
FN:24,(anonymous_0)
FN:35,(anonymous_1)
FN:46,(anonymous_2)
FN:52,(anonymous_3)
FN:57,(anonymous_4)
FN:64,(anonymous_5)
FN:70,(anonymous_6)
FN:71,(anonymous_7)
FN:80,(anonymous_8)
FN:94,(anonymous_9)
FN:95,(anonymous_10)
FN:100,(anonymous_11)
FN:111,(anonymous_12)
FNF:13
FNH:13
FNDA:3,(anonymous_0)
FNDA:8,(anonymous_1)
FNDA:8,(anonymous_2)
FNDA:8,(anonymous_3)
FNDA:32,(anonymous_4)
FNDA:8,(anonymous_5)
FNDA:16,(anonymous_6)
FNDA:8,(anonymous_7)
FNDA:16,(anonymous_8)
FNDA:4,(anonymous_9)
FNDA:4,(anonymous_10)
FNDA:4,(anonymous_11)
FNDA:4,(anonymous_12)
DA:7,1
DA:9,1
DA:17,1
DA:24,1
DA:25,3
DA:29,3
DA:32,3
DA:35,3
DA:36,8
DA:38,8
DA:39,8
DA:40,8
DA:42,8
DA:46,3
DA:47,8
DA:48,8
DA:52,3
DA:53,8
DA:57,3
DA:58,32
DA:64,3
DA:65,8
DA:66,8
DA:67,8
DA:69,8
DA:70,16
DA:72,8
DA:77,8
DA:81,16
DA:82,16
DA:84,16
DA:94,3
DA:95,4
DA:96,4
DA:97,4
DA:100,4
DA:101,4
DA:104,4
DA:111,3
DA:112,4
DA:113,4
DA:115,4
DA:139,3
DA:140,1
DA:147,2
DA:151,2
LF:46
LH:46
BRDA:27,0,0,1
BRDA:28,1,0,1
BRDA:29,2,0,3
BRDA:29,2,1,1
BRDA:36,3,0,0
BRDA:36,3,1,8
BRDA:36,4,0,8
BRDA:36,4,1,8
BRDA:40,5,0,8
BRDA:40,5,1,0
BRDA:47,6,0,0
BRDA:47,6,1,8
BRDA:47,7,0,8
BRDA:47,7,1,8
BRDA:58,8,0,32
BRDA:58,8,1,0
BRDA:59,9,0,32
BRDA:59,9,1,0
BRDA:60,10,0,0
BRDA:60,10,1,0
BRDA:70,11,0,16
BRDA:70,11,1,0
BRDA:72,12,0,8
BRDA:72,12,1,0
BRDA:84,13,0,8
BRDA:84,13,1,8
BRDA:105,14,0,0
BRDA:105,14,1,4
BRDA:112,15,0,2
BRDA:112,15,1,2
BRDA:128,16,0,2
BRDA:128,16,1,2
BRDA:129,17,0,2
BRDA:129,17,1,0
BRDA:139,18,0,1
BRDA:139,18,1,2
BRDA:147,19,0,2
BRDA:147,19,1,0
BRDA:154,20,0,2
BRDA:154,20,1,0
BRF:40
BRH:27
end_of_record
TN:
SF:src\components\SideBar.jsx
FN:34,SideBar
FN:41,(anonymous_1)
FN:42,(anonymous_2)
FN:48,(anonymous_3)
FN:68,(anonymous_4)
FN:74,(anonymous_5)
FN:102,(anonymous_6)
FN:124,(anonymous_7)
FN:170,(anonymous_8)
FN:185,(anonymous_9)
FN:200,(anonymous_10)
FN:215,(anonymous_11)
FN:230,(anonymous_12)
FN:245,(anonymous_13)
FNF:14
FNH:13
FNDA:14,SideBar
FNDA:1,(anonymous_1)
FNDA:1,(anonymous_2)
FNDA:2,(anonymous_3)
FNDA:6,(anonymous_4)
FNDA:0,(anonymous_5)
FNDA:70,(anonymous_6)
FNDA:1,(anonymous_7)
FNDA:1,(anonymous_8)
FNDA:1,(anonymous_9)
FNDA:1,(anonymous_10)
FNDA:1,(anonymous_11)
FNDA:1,(anonymous_12)
FNDA:1,(anonymous_13)
DA:26,1
DA:35,14
DA:36,14
DA:37,14
DA:38,14
DA:39,14
DA:41,14
DA:42,1
DA:43,1
DA:44,0
DA:48,14
DA:50,2
DA:51,2
DA:52,2
DA:53,2
DA:54,2
DA:55,2
DA:57,2
DA:58,2
DA:59,2
DA:60,2
DA:61,2
DA:65,0
DA:68,14
DA:69,6
DA:70,6
DA:71,6
DA:74,14
DA:75,0
DA:78,14
DA:103,70
DA:124,1
DA:171,1
DA:186,1
DA:201,1
DA:216,1
DA:231,1
DA:246,1
LF:38
LH:35
BRDA:43,0,0,0
BRDA:43,0,1,1
BRDA:51,1,0,2
BRDA:51,1,1,0
BRDA:52,2,0,2
BRDA:52,2,1,0
BRDA:53,3,0,2
BRDA:53,3,1,0
BRDA:54,4,0,2
BRDA:54,4,1,0
BRDA:55,5,0,2
BRDA:55,5,1,0
BRDA:57,6,0,2
BRDA:57,6,1,0
BRDA:68,7,0,6
BRDA:103,8,0,70
BRDA:103,8,1,0
BRDA:146,9,0,0
BRDA:146,9,1,14
BRF:19
BRH:10
end_of_record
TN:
SF:src\components\TopBar.jsx
FN:4,TopBar
FN:19,(anonymous_1)
FN:20,(anonymous_2)
FN:30,(anonymous_3)
FN:67,(anonymous_4)
FNF:5
FNH:5
FNDA:8,TopBar
FNDA:3,(anonymous_1)
FNDA:1,(anonymous_2)
FNDA:8,(anonymous_3)
FNDA:72,(anonymous_4)
DA:5,8
DA:7,8
DA:19,8
DA:20,8
DA:22,8
DA:30,8
DA:68,72
LF:7
LH:7
BRF:0
BRH:0
end_of_record
TN:
SF:src\data\regions.js
FNF:0
FNH:0
DA:1,1
LF:1
LH:1
BRF:0
BRH:0
end_of_record
TN:
SF:src\data\svgMap.js
FNF:0
FNH:0
DA:1,1
LF:1
LH:1
BRF:0
BRH:0
end_of_record
